The system is: Linux - 4.14.22-v7+ - armv7l
Compiling the C compiler identification source file "CMakeCCompilerId.c" succeeded.
Compiler: /usr/bin/cc 
Build flags: 
Id flags: 

The output was:
0


Compilation of the C compiler identification source "CMakeCCompilerId.c" produced "a.out"

The C compiler identification is GNU, found in "/home/kod/busybotnet/libssh-0.7.4/CMakeFiles/3.5.1/CompilerIdC/a.out"

Determining if the C compiler works passed with the following output:
Change Dir: /home/kod/busybotnet/libssh-0.7.4/CMakeFiles/CMakeTmp

Run Build Command:"/usr/bin/make" "cmTC_77bee/fast"
/usr/bin/make -f CMakeFiles/cmTC_77bee.dir/build.make CMakeFiles/cmTC_77bee.dir/build
make[1]: Entering directory '/home/kod/busybotnet/libssh-0.7.4/CMakeFiles/CMakeTmp'
Building C object CMakeFiles/cmTC_77bee.dir/testCCompiler.c.o
/usr/bin/cc     -o CMakeFiles/cmTC_77bee.dir/testCCompiler.c.o   -c /home/kod/busybotnet/libssh-0.7.4/CMakeFiles/CMakeTmp/testCCompiler.c
Linking C executable cmTC_77bee
/usr/bin/cmake -E cmake_link_script CMakeFiles/cmTC_77bee.dir/link.txt --verbose=1
/usr/bin/cc       CMakeFiles/cmTC_77bee.dir/testCCompiler.c.o  -o cmTC_77bee -rdynamic 
make[1]: Leaving directory '/home/kod/busybotnet/libssh-0.7.4/CMakeFiles/CMakeTmp'


Detecting C compiler ABI info compiled with the following output:
Change Dir: /home/kod/busybotnet/libssh-0.7.4/CMakeFiles/CMakeTmp

Run Build Command:"/usr/bin/make" "cmTC_ce5fe/fast"
/usr/bin/make -f CMakeFiles/cmTC_ce5fe.dir/build.make CMakeFiles/cmTC_ce5fe.dir/build
make[1]: Entering directory '/home/kod/busybotnet/libssh-0.7.4/CMakeFiles/CMakeTmp'
Building C object CMakeFiles/cmTC_ce5fe.dir/CMakeCCompilerABI.c.o
/usr/bin/cc     -o CMakeFiles/cmTC_ce5fe.dir/CMakeCCompilerABI.c.o   -c /usr/share/cmake-3.5/Modules/CMakeCCompilerABI.c
Linking C executable cmTC_ce5fe
/usr/bin/cmake -E cmake_link_script CMakeFiles/cmTC_ce5fe.dir/link.txt --verbose=1
/usr/bin/cc      -v CMakeFiles/cmTC_ce5fe.dir/CMakeCCompilerABI.c.o  -o cmTC_ce5fe -rdynamic  
Using built-in specs.
COLLECT_GCC=/usr/bin/cc
COLLECT_LTO_WRAPPER=/usr/lib/gcc/arm-linux-gnueabihf/5/lto-wrapper
Target: arm-linux-gnueabihf
Configured with: ../src/configure -v --with-pkgversion='Ubuntu/Linaro 5.4.0-6ubuntu1~16.04.9' --with-bugurl=file:///usr/share/doc/gcc-5/README.Bugs --enable-languages=c,ada,c++,java,go,d,fortran,objc,obj-c++ --prefix=/usr --program-suffix=-5 --enable-shared --enable-linker-build-id --libexecdir=/usr/lib --without-included-gettext --enable-threads=posix --libdir=/usr/lib --enable-nls --with-sysroot=/ --enable-clocale=gnu --enable-libstdcxx-debug --enable-libstdcxx-time=yes --with-default-libstdcxx-abi=new --enable-gnu-unique-object --disable-libitm --disable-libquadmath --enable-plugin --with-system-zlib --disable-browser-plugin --enable-java-awt=gtk --enable-gtk-cairo --with-java-home=/usr/lib/jvm/java-1.5.0-gcj-5-armhf/jre --enable-java-home --with-jvm-root-dir=/usr/lib/jvm/java-1.5.0-gcj-5-armhf --with-jvm-jar-dir=/usr/lib/jvm-exports/java-1.5.0-gcj-5-armhf --with-arch-directory=arm --with-ecj-jar=/usr/share/java/eclipse-ecj.jar --enable-objc-gc --enable-multiarch --enable-multilib --disable-sjlj-exceptions --with-arch=armv7-a --with-fpu=vfpv3-d16 --with-float=hard --with-mode=thumb --disable-werror --enable-multilib --enable-checking=release --build=arm-linux-gnueabihf --host=arm-linux-gnueabihf --target=arm-linux-gnueabihf
Thread model: posix
gcc version 5.4.0 20160609 (Ubuntu/Linaro 5.4.0-6ubuntu1~16.04.9) 
COMPILER_PATH=/usr/lib/gcc/arm-linux-gnueabihf/5/:/usr/lib/gcc/arm-linux-gnueabihf/5/:/usr/lib/gcc/arm-linux-gnueabihf/:/usr/lib/gcc/arm-linux-gnueabihf/5/:/usr/lib/gcc/arm-linux-gnueabihf/
LIBRARY_PATH=/usr/lib/gcc/arm-linux-gnueabihf/5/:/usr/lib/gcc/arm-linux-gnueabihf/5/../../../arm-linux-gnueabihf/:/usr/lib/gcc/arm-linux-gnueabihf/5/../../../../lib/:/lib/arm-linux-gnueabihf/:/lib/../lib/:/usr/lib/arm-linux-gnueabihf/:/usr/lib/../lib/:/usr/lib/gcc/arm-linux-gnueabihf/5/../../../:/lib/:/usr/lib/
COLLECT_GCC_OPTIONS='-v' '-o' 'cmTC_ce5fe' '-rdynamic' '-march=armv7-a' '-mfloat-abi=hard' '-mfpu=vfpv3-d16' '-mthumb' '-mtls-dialect=gnu'
 /usr/lib/gcc/arm-linux-gnueabihf/5/collect2 -plugin /usr/lib/gcc/arm-linux-gnueabihf/5/liblto_plugin.so -plugin-opt=/usr/lib/gcc/arm-linux-gnueabihf/5/lto-wrapper -plugin-opt=-fresolution=/tmp/ccq1zxKf.res -plugin-opt=-pass-through=-lgcc -plugin-opt=-pass-through=-lgcc_s -plugin-opt=-pass-through=-lc -plugin-opt=-pass-through=-lgcc -plugin-opt=-pass-through=-lgcc_s --sysroot=/ --build-id --eh-frame-hdr -export-dynamic -dynamic-linker /lib/ld-linux-armhf.so.3 -X --hash-style=gnu --as-needed -m armelf_linux_eabi -z relro -o cmTC_ce5fe /usr/lib/gcc/arm-linux-gnueabihf/5/../../../arm-linux-gnueabihf/crt1.o /usr/lib/gcc/arm-linux-gnueabihf/5/../../../arm-linux-gnueabihf/crti.o /usr/lib/gcc/arm-linux-gnueabihf/5/crtbegin.o -L/usr/lib/gcc/arm-linux-gnueabihf/5 -L/usr/lib/gcc/arm-linux-gnueabihf/5/../../../arm-linux-gnueabihf -L/usr/lib/gcc/arm-linux-gnueabihf/5/../../../../lib -L/lib/arm-linux-gnueabihf -L/lib/../lib -L/usr/lib/arm-linux-gnueabihf -L/usr/lib/../lib -L/usr/lib/gcc/arm-linux-gnueabihf/5/../../.. CMakeFiles/cmTC_ce5fe.dir/CMakeCCompilerABI.c.o -lgcc --as-needed -lgcc_s --no-as-needed -lc -lgcc --as-needed -lgcc_s --no-as-needed /usr/lib/gcc/arm-linux-gnueabihf/5/crtend.o /usr/lib/gcc/arm-linux-gnueabihf/5/../../../arm-linux-gnueabihf/crtn.o
make[1]: Leaving directory '/home/kod/busybotnet/libssh-0.7.4/CMakeFiles/CMakeTmp'


Parsed C implicit link information from above output:
  link line regex: [^( *|.*[/\])(ld|([^/\]+-)?ld|collect2)[^/\]*( |$)]
  ignore line: [Change Dir: /home/kod/busybotnet/libssh-0.7.4/CMakeFiles/CMakeTmp]
  ignore line: []
  ignore line: [Run Build Command:"/usr/bin/make" "cmTC_ce5fe/fast"]
  ignore line: [/usr/bin/make -f CMakeFiles/cmTC_ce5fe.dir/build.make CMakeFiles/cmTC_ce5fe.dir/build]
  ignore line: [make[1]: Entering directory '/home/kod/busybotnet/libssh-0.7.4/CMakeFiles/CMakeTmp']
  ignore line: [Building C object CMakeFiles/cmTC_ce5fe.dir/CMakeCCompilerABI.c.o]
  ignore line: [/usr/bin/cc     -o CMakeFiles/cmTC_ce5fe.dir/CMakeCCompilerABI.c.o   -c /usr/share/cmake-3.5/Modules/CMakeCCompilerABI.c]
  ignore line: [Linking C executable cmTC_ce5fe]
  ignore line: [/usr/bin/cmake -E cmake_link_script CMakeFiles/cmTC_ce5fe.dir/link.txt --verbose=1]
  ignore line: [/usr/bin/cc      -v CMakeFiles/cmTC_ce5fe.dir/CMakeCCompilerABI.c.o  -o cmTC_ce5fe -rdynamic  ]
  ignore line: [Using built-in specs.]
  ignore line: [COLLECT_GCC=/usr/bin/cc]
  ignore line: [COLLECT_LTO_WRAPPER=/usr/lib/gcc/arm-linux-gnueabihf/5/lto-wrapper]
  ignore line: [Target: arm-linux-gnueabihf]
  ignore line: [Configured with: ../src/configure -v --with-pkgversion='Ubuntu/Linaro 5.4.0-6ubuntu1~16.04.9' --with-bugurl=file:///usr/share/doc/gcc-5/README.Bugs --enable-languages=c,ada,c++,java,go,d,fortran,objc,obj-c++ --prefix=/usr --program-suffix=-5 --enable-shared --enable-linker-build-id --libexecdir=/usr/lib --without-included-gettext --enable-threads=posix --libdir=/usr/lib --enable-nls --with-sysroot=/ --enable-clocale=gnu --enable-libstdcxx-debug --enable-libstdcxx-time=yes --with-default-libstdcxx-abi=new --enable-gnu-unique-object --disable-libitm --disable-libquadmath --enable-plugin --with-system-zlib --disable-browser-plugin --enable-java-awt=gtk --enable-gtk-cairo --with-java-home=/usr/lib/jvm/java-1.5.0-gcj-5-armhf/jre --enable-java-home --with-jvm-root-dir=/usr/lib/jvm/java-1.5.0-gcj-5-armhf --with-jvm-jar-dir=/usr/lib/jvm-exports/java-1.5.0-gcj-5-armhf --with-arch-directory=arm --with-ecj-jar=/usr/share/java/eclipse-ecj.jar --enable-objc-gc --enable-multiarch --enable-multilib --disable-sjlj-exceptions --with-arch=armv7-a --with-fpu=vfpv3-d16 --with-float=hard --with-mode=thumb --disable-werror --enable-multilib --enable-checking=release --build=arm-linux-gnueabihf --host=arm-linux-gnueabihf --target=arm-linux-gnueabihf]
  ignore line: [Thread model: posix]
  ignore line: [gcc version 5.4.0 20160609 (Ubuntu/Linaro 5.4.0-6ubuntu1~16.04.9) ]
  ignore line: [COMPILER_PATH=/usr/lib/gcc/arm-linux-gnueabihf/5/:/usr/lib/gcc/arm-linux-gnueabihf/5/:/usr/lib/gcc/arm-linux-gnueabihf/:/usr/lib/gcc/arm-linux-gnueabihf/5/:/usr/lib/gcc/arm-linux-gnueabihf/]
  ignore line: [LIBRARY_PATH=/usr/lib/gcc/arm-linux-gnueabihf/5/:/usr/lib/gcc/arm-linux-gnueabihf/5/../../../arm-linux-gnueabihf/:/usr/lib/gcc/arm-linux-gnueabihf/5/../../../../lib/:/lib/arm-linux-gnueabihf/:/lib/../lib/:/usr/lib/arm-linux-gnueabihf/:/usr/lib/../lib/:/usr/lib/gcc/arm-linux-gnueabihf/5/../../../:/lib/:/usr/lib/]
  ignore line: [COLLECT_GCC_OPTIONS='-v' '-o' 'cmTC_ce5fe' '-rdynamic' '-march=armv7-a' '-mfloat-abi=hard' '-mfpu=vfpv3-d16' '-mthumb' '-mtls-dialect=gnu']
  link line: [ /usr/lib/gcc/arm-linux-gnueabihf/5/collect2 -plugin /usr/lib/gcc/arm-linux-gnueabihf/5/liblto_plugin.so -plugin-opt=/usr/lib/gcc/arm-linux-gnueabihf/5/lto-wrapper -plugin-opt=-fresolution=/tmp/ccq1zxKf.res -plugin-opt=-pass-through=-lgcc -plugin-opt=-pass-through=-lgcc_s -plugin-opt=-pass-through=-lc -plugin-opt=-pass-through=-lgcc -plugin-opt=-pass-through=-lgcc_s --sysroot=/ --build-id --eh-frame-hdr -export-dynamic -dynamic-linker /lib/ld-linux-armhf.so.3 -X --hash-style=gnu --as-needed -m armelf_linux_eabi -z relro -o cmTC_ce5fe /usr/lib/gcc/arm-linux-gnueabihf/5/../../../arm-linux-gnueabihf/crt1.o /usr/lib/gcc/arm-linux-gnueabihf/5/../../../arm-linux-gnueabihf/crti.o /usr/lib/gcc/arm-linux-gnueabihf/5/crtbegin.o -L/usr/lib/gcc/arm-linux-gnueabihf/5 -L/usr/lib/gcc/arm-linux-gnueabihf/5/../../../arm-linux-gnueabihf -L/usr/lib/gcc/arm-linux-gnueabihf/5/../../../../lib -L/lib/arm-linux-gnueabihf -L/lib/../lib -L/usr/lib/arm-linux-gnueabihf -L/usr/lib/../lib -L/usr/lib/gcc/arm-linux-gnueabihf/5/../../.. CMakeFiles/cmTC_ce5fe.dir/CMakeCCompilerABI.c.o -lgcc --as-needed -lgcc_s --no-as-needed -lc -lgcc --as-needed -lgcc_s --no-as-needed /usr/lib/gcc/arm-linux-gnueabihf/5/crtend.o /usr/lib/gcc/arm-linux-gnueabihf/5/../../../arm-linux-gnueabihf/crtn.o]
    arg [/usr/lib/gcc/arm-linux-gnueabihf/5/collect2] ==> ignore
    arg [-plugin] ==> ignore
    arg [/usr/lib/gcc/arm-linux-gnueabihf/5/liblto_plugin.so] ==> ignore
    arg [-plugin-opt=/usr/lib/gcc/arm-linux-gnueabihf/5/lto-wrapper] ==> ignore
    arg [-plugin-opt=-fresolution=/tmp/ccq1zxKf.res] ==> ignore
    arg [-plugin-opt=-pass-through=-lgcc] ==> ignore
    arg [-plugin-opt=-pass-through=-lgcc_s] ==> ignore
    arg [-plugin-opt=-pass-through=-lc] ==> ignore
    arg [-plugin-opt=-pass-through=-lgcc] ==> ignore
    arg [-plugin-opt=-pass-through=-lgcc_s] ==> ignore
    arg [--sysroot=/] ==> ignore
    arg [--build-id] ==> ignore
    arg [--eh-frame-hdr] ==> ignore
    arg [-export-dynamic] ==> ignore
    arg [-dynamic-linker] ==> ignore
    arg [/lib/ld-linux-armhf.so.3] ==> ignore
    arg [-X] ==> ignore
    arg [--hash-style=gnu] ==> ignore
    arg [--as-needed] ==> ignore
    arg [-m] ==> ignore
    arg [armelf_linux_eabi] ==> ignore
    arg [-zrelro] ==> ignore
    arg [-o] ==> ignore
    arg [cmTC_ce5fe] ==> ignore
    arg [/usr/lib/gcc/arm-linux-gnueabihf/5/../../../arm-linux-gnueabihf/crt1.o] ==> ignore
    arg [/usr/lib/gcc/arm-linux-gnueabihf/5/../../../arm-linux-gnueabihf/crti.o] ==> ignore
    arg [/usr/lib/gcc/arm-linux-gnueabihf/5/crtbegin.o] ==> ignore
    arg [-L/usr/lib/gcc/arm-linux-gnueabihf/5] ==> dir [/usr/lib/gcc/arm-linux-gnueabihf/5]
    arg [-L/usr/lib/gcc/arm-linux-gnueabihf/5/../../../arm-linux-gnueabihf] ==> dir [/usr/lib/gcc/arm-linux-gnueabihf/5/../../../arm-linux-gnueabihf]
    arg [-L/usr/lib/gcc/arm-linux-gnueabihf/5/../../../../lib] ==> dir [/usr/lib/gcc/arm-linux-gnueabihf/5/../../../../lib]
    arg [-L/lib/arm-linux-gnueabihf] ==> dir [/lib/arm-linux-gnueabihf]
    arg [-L/lib/../lib] ==> dir [/lib/../lib]
    arg [-L/usr/lib/arm-linux-gnueabihf] ==> dir [/usr/lib/arm-linux-gnueabihf]
    arg [-L/usr/lib/../lib] ==> dir [/usr/lib/../lib]
    arg [-L/usr/lib/gcc/arm-linux-gnueabihf/5/../../..] ==> dir [/usr/lib/gcc/arm-linux-gnueabihf/5/../../..]
    arg [CMakeFiles/cmTC_ce5fe.dir/CMakeCCompilerABI.c.o] ==> ignore
    arg [-lgcc] ==> lib [gcc]
    arg [--as-needed] ==> ignore
    arg [-lgcc_s] ==> lib [gcc_s]
    arg [--no-as-needed] ==> ignore
    arg [-lc] ==> lib [c]
    arg [-lgcc] ==> lib [gcc]
    arg [--as-needed] ==> ignore
    arg [-lgcc_s] ==> lib [gcc_s]
    arg [--no-as-needed] ==> ignore
    arg [/usr/lib/gcc/arm-linux-gnueabihf/5/crtend.o] ==> ignore
    arg [/usr/lib/gcc/arm-linux-gnueabihf/5/../../../arm-linux-gnueabihf/crtn.o] ==> ignore
  remove lib [gcc]
  remove lib [gcc_s]
  remove lib [gcc]
  remove lib [gcc_s]
  collapse library dir [/usr/lib/gcc/arm-linux-gnueabihf/5] ==> [/usr/lib/gcc/arm-linux-gnueabihf/5]
  collapse library dir [/usr/lib/gcc/arm-linux-gnueabihf/5/../../../arm-linux-gnueabihf] ==> [/usr/lib/arm-linux-gnueabihf]
  collapse library dir [/usr/lib/gcc/arm-linux-gnueabihf/5/../../../../lib] ==> [/usr/lib]
  collapse library dir [/lib/arm-linux-gnueabihf] ==> [/lib/arm-linux-gnueabihf]
  collapse library dir [/lib/../lib] ==> [/lib]
  collapse library dir [/usr/lib/arm-linux-gnueabihf] ==> [/usr/lib/arm-linux-gnueabihf]
  collapse library dir [/usr/lib/../lib] ==> [/usr/lib]
  collapse library dir [/usr/lib/gcc/arm-linux-gnueabihf/5/../../..] ==> [/usr/lib]
  implicit libs: [c]
  implicit dirs: [/usr/lib/gcc/arm-linux-gnueabihf/5;/usr/lib/arm-linux-gnueabihf;/usr/lib;/lib/arm-linux-gnueabihf;/lib]
  implicit fwks: []




Detecting C [-std=c11] compiler features compiled with the following output:
Change Dir: /home/kod/busybotnet/libssh-0.7.4/CMakeFiles/CMakeTmp

Run Build Command:"/usr/bin/make" "cmTC_0099e/fast"
/usr/bin/make -f CMakeFiles/cmTC_0099e.dir/build.make CMakeFiles/cmTC_0099e.dir/build
make[1]: Entering directory '/home/kod/busybotnet/libssh-0.7.4/CMakeFiles/CMakeTmp'
Building C object CMakeFiles/cmTC_0099e.dir/feature_tests.c.o
/usr/bin/cc    -std=c11 -o CMakeFiles/cmTC_0099e.dir/feature_tests.c.o   -c /home/kod/busybotnet/libssh-0.7.4/CMakeFiles/feature_tests.c
Linking C executable cmTC_0099e
/usr/bin/cmake -E cmake_link_script CMakeFiles/cmTC_0099e.dir/link.txt --verbose=1
/usr/bin/cc       CMakeFiles/cmTC_0099e.dir/feature_tests.c.o  -o cmTC_0099e -rdynamic 
make[1]: Leaving directory '/home/kod/busybotnet/libssh-0.7.4/CMakeFiles/CMakeTmp'


    Feature record: C_FEATURE:1c_function_prototypes
    Feature record: C_FEATURE:1c_restrict
    Feature record: C_FEATURE:1c_static_assert
    Feature record: C_FEATURE:1c_variadic_macros


Detecting C [-std=c99] compiler features compiled with the following output:
Change Dir: /home/kod/busybotnet/libssh-0.7.4/CMakeFiles/CMakeTmp

Run Build Command:"/usr/bin/make" "cmTC_9a561/fast"
/usr/bin/make -f CMakeFiles/cmTC_9a561.dir/build.make CMakeFiles/cmTC_9a561.dir/build
make[1]: Entering directory '/home/kod/busybotnet/libssh-0.7.4/CMakeFiles/CMakeTmp'
Building C object CMakeFiles/cmTC_9a561.dir/feature_tests.c.o
/usr/bin/cc    -std=c99 -o CMakeFiles/cmTC_9a561.dir/feature_tests.c.o   -c /home/kod/busybotnet/libssh-0.7.4/CMakeFiles/feature_tests.c
Linking C executable cmTC_9a561
/usr/bin/cmake -E cmake_link_script CMakeFiles/cmTC_9a561.dir/link.txt --verbose=1
/usr/bin/cc       CMakeFiles/cmTC_9a561.dir/feature_tests.c.o  -o cmTC_9a561 -rdynamic 
make[1]: Leaving directory '/home/kod/busybotnet/libssh-0.7.4/CMakeFiles/CMakeTmp'


    Feature record: C_FEATURE:1c_function_prototypes
    Feature record: C_FEATURE:1c_restrict
    Feature record: C_FEATURE:0c_static_assert
    Feature record: C_FEATURE:1c_variadic_macros


Detecting C [-std=c90] compiler features compiled with the following output:
Change Dir: /home/kod/busybotnet/libssh-0.7.4/CMakeFiles/CMakeTmp

Run Build Command:"/usr/bin/make" "cmTC_48f05/fast"
/usr/bin/make -f CMakeFiles/cmTC_48f05.dir/build.make CMakeFiles/cmTC_48f05.dir/build
make[1]: Entering directory '/home/kod/busybotnet/libssh-0.7.4/CMakeFiles/CMakeTmp'
Building C object CMakeFiles/cmTC_48f05.dir/feature_tests.c.o
/usr/bin/cc    -std=c90 -o CMakeFiles/cmTC_48f05.dir/feature_tests.c.o   -c /home/kod/busybotnet/libssh-0.7.4/CMakeFiles/feature_tests.c
Linking C executable cmTC_48f05
/usr/bin/cmake -E cmake_link_script CMakeFiles/cmTC_48f05.dir/link.txt --verbose=1
/usr/bin/cc       CMakeFiles/cmTC_48f05.dir/feature_tests.c.o  -o cmTC_48f05 -rdynamic 
make[1]: Leaving directory '/home/kod/busybotnet/libssh-0.7.4/CMakeFiles/CMakeTmp'


    Feature record: C_FEATURE:1c_function_prototypes
    Feature record: C_FEATURE:0c_restrict
    Feature record: C_FEATURE:0c_static_assert
    Feature record: C_FEATURE:0c_variadic_macros
Performing C SOURCE FILE Test WITH_FPIC succeeded with the following output:
Change Dir: /home/kod/busybotnet/libssh-0.7.4/CMakeFiles/CMakeTmp

Run Build Command:"/usr/bin/make" "cmTC_98d5b/fast"
/usr/bin/make -f CMakeFiles/cmTC_98d5b.dir/build.make CMakeFiles/cmTC_98d5b.dir/build
make[1]: Entering directory '/home/kod/busybotnet/libssh-0.7.4/CMakeFiles/CMakeTmp'
Building C object CMakeFiles/cmTC_98d5b.dir/src.c.o
/usr/bin/cc    -std=gnu99 -pedantic -pedantic-errors -Wall -Wextra -Wshadow -Wmissing-prototypes -Wdeclaration-after-statement -Wunused -Wfloat-equal -Wpointer-arith -Wwrite-strings -Wformat-security -Wmissing-format-attribute -DWITH_FPIC   -fPIC -o CMakeFiles/cmTC_98d5b.dir/src.c.o   -c /home/kod/busybotnet/libssh-0.7.4/CMakeFiles/CMakeTmp/src.c
Linking C executable cmTC_98d5b
/usr/bin/cmake -E cmake_link_script CMakeFiles/cmTC_98d5b.dir/link.txt --verbose=1
/usr/bin/cc   -std=gnu99 -pedantic -pedantic-errors -Wall -Wextra -Wshadow -Wmissing-prototypes -Wdeclaration-after-statement -Wunused -Wfloat-equal -Wpointer-arith -Wwrite-strings -Wformat-security -Wmissing-format-attribute -DWITH_FPIC    CMakeFiles/cmTC_98d5b.dir/src.c.o  -o cmTC_98d5b -rdynamic 
make[1]: Leaving directory '/home/kod/busybotnet/libssh-0.7.4/CMakeFiles/CMakeTmp'

Source file was:
int main(void) { return 0; }
Performing C SOURCE FILE Test WITH_STACK_PROTECTOR succeeded with the following output:
Change Dir: /home/kod/busybotnet/libssh-0.7.4/CMakeFiles/CMakeTmp

Run Build Command:"/usr/bin/make" "cmTC_ac759/fast"
/usr/bin/make -f CMakeFiles/cmTC_ac759.dir/build.make CMakeFiles/cmTC_ac759.dir/build
make[1]: Entering directory '/home/kod/busybotnet/libssh-0.7.4/CMakeFiles/CMakeTmp'
Building C object CMakeFiles/cmTC_ac759.dir/src.c.o
/usr/bin/cc    -std=gnu99 -pedantic -pedantic-errors -Wall -Wextra -Wshadow -Wmissing-prototypes -Wdeclaration-after-statement -Wunused -Wfloat-equal -Wpointer-arith -Wwrite-strings -Wformat-security -Wmissing-format-attribute -fPIC -DWITH_STACK_PROTECTOR   -fstack-protector -o CMakeFiles/cmTC_ac759.dir/src.c.o   -c /home/kod/busybotnet/libssh-0.7.4/CMakeFiles/CMakeTmp/src.c
/home/kod/busybotnet/libssh-0.7.4/CMakeFiles/CMakeTmp/src.c: In function ‘main’:
/home/kod/busybotnet/libssh-0.7.4/CMakeFiles/CMakeTmp/src.c:1:27: warning: unused parameter ‘argv’ [-Wunused-parameter]
 int main(int argc, char **argv) { char buffer[256]; return buffer[argc]=0;}
                           ^
Linking C executable cmTC_ac759
/usr/bin/cmake -E cmake_link_script CMakeFiles/cmTC_ac759.dir/link.txt --verbose=1
/usr/bin/cc   -std=gnu99 -pedantic -pedantic-errors -Wall -Wextra -Wshadow -Wmissing-prototypes -Wdeclaration-after-statement -Wunused -Wfloat-equal -Wpointer-arith -Wwrite-strings -Wformat-security -Wmissing-format-attribute -fPIC -DWITH_STACK_PROTECTOR    CMakeFiles/cmTC_ac759.dir/src.c.o  -o cmTC_ac759 -rdynamic 
make[1]: Leaving directory '/home/kod/busybotnet/libssh-0.7.4/CMakeFiles/CMakeTmp'

Source file was:
int main(int argc, char **argv) { char buffer[256]; return buffer[argc]=0;}
