The system is: Linux - 4.8.0-39-generic - x86_64
Compiling the C compiler identification source file "CMakeCCompilerId.c" succeeded.
Compiler: /usr/bin/cc 
Build flags: 
Id flags: 

The output was:
0


Compilation of the C compiler identification source "CMakeCCompilerId.c" produced "a.out"

The C compiler identification is GNU, found in "/home/kod/bbn/libssh-0.7.4/build/CMakeFiles/3.5.2/CompilerIdC/a.out"

Determining if the C compiler works passed with the following output:
Change Dir: /home/kod/bbn/libssh-0.7.4/build/CMakeFiles/CMakeTmp

Run Build Command:"/usr/bin/make" "cmTC_cb9de/fast"
/usr/bin/make -f CMakeFiles/cmTC_cb9de.dir/build.make CMakeFiles/cmTC_cb9de.dir/build
make[1]: Entering directory '/home/kod/bbn/libssh-0.7.4/build/CMakeFiles/CMakeTmp'
Building C object CMakeFiles/cmTC_cb9de.dir/testCCompiler.c.o
/usr/bin/cc     -o CMakeFiles/cmTC_cb9de.dir/testCCompiler.c.o   -c /home/kod/bbn/libssh-0.7.4/build/CMakeFiles/CMakeTmp/testCCompiler.c
Linking C executable cmTC_cb9de
/usr/bin/cmake -E cmake_link_script CMakeFiles/cmTC_cb9de.dir/link.txt --verbose=1
/usr/bin/cc       CMakeFiles/cmTC_cb9de.dir/testCCompiler.c.o  -o cmTC_cb9de -rdynamic 
make[1]: Leaving directory '/home/kod/bbn/libssh-0.7.4/build/CMakeFiles/CMakeTmp'


Detecting C compiler ABI info compiled with the following output:
Change Dir: /home/kod/bbn/libssh-0.7.4/build/CMakeFiles/CMakeTmp

Run Build Command:"/usr/bin/make" "cmTC_d8b8b/fast"
/usr/bin/make -f CMakeFiles/cmTC_d8b8b.dir/build.make CMakeFiles/cmTC_d8b8b.dir/build
make[1]: Entering directory '/home/kod/bbn/libssh-0.7.4/build/CMakeFiles/CMakeTmp'
Building C object CMakeFiles/cmTC_d8b8b.dir/CMakeCCompilerABI.c.o
/usr/bin/cc     -o CMakeFiles/cmTC_d8b8b.dir/CMakeCCompilerABI.c.o   -c /usr/share/cmake-3.5/Modules/CMakeCCompilerABI.c
Linking C executable cmTC_d8b8b
/usr/bin/cmake -E cmake_link_script CMakeFiles/cmTC_d8b8b.dir/link.txt --verbose=1
/usr/bin/cc      -v CMakeFiles/cmTC_d8b8b.dir/CMakeCCompilerABI.c.o  -o cmTC_d8b8b -rdynamic  
Using built-in specs.
COLLECT_GCC=/usr/bin/cc
COLLECT_LTO_WRAPPER=/usr/lib/gcc/x86_64-linux-gnu/6/lto-wrapper
Target: x86_64-linux-gnu
Configured with: ../src/configure -v --with-pkgversion='Ubuntu 6.2.0-5ubuntu12' --with-bugurl=file:///usr/share/doc/gcc-6/README.Bugs --enable-languages=c,ada,c++,java,go,d,fortran,objc,obj-c++ --prefix=/usr --program-suffix=-6 --program-prefix=x86_64-linux-gnu- --enable-shared --enable-linker-build-id --libexecdir=/usr/lib --without-included-gettext --enable-threads=posix --libdir=/usr/lib --enable-nls --with-sysroot=/ --enable-clocale=gnu --enable-libstdcxx-debug --enable-libstdcxx-time=yes --with-default-libstdcxx-abi=new --enable-gnu-unique-object --disable-vtable-verify --enable-libmpx --enable-plugin --enable-default-pie --with-system-zlib --disable-browser-plugin --enable-java-awt=gtk --enable-gtk-cairo --with-java-home=/usr/lib/jvm/java-1.5.0-gcj-6-amd64/jre --enable-java-home --with-jvm-root-dir=/usr/lib/jvm/java-1.5.0-gcj-6-amd64 --with-jvm-jar-dir=/usr/lib/jvm-exports/java-1.5.0-gcj-6-amd64 --with-arch-directory=amd64 --with-ecj-jar=/usr/share/java/eclipse-ecj.jar --enable-objc-gc --enable-multiarch --disable-werror --with-arch-32=i686 --with-abi=m64 --with-multilib-list=m32,m64,mx32 --enable-multilib --with-tune=generic --enable-checking=release --build=x86_64-linux-gnu --host=x86_64-linux-gnu --target=x86_64-linux-gnu
Thread model: posix
gcc version 6.2.0 20161005 (Ubuntu 6.2.0-5ubuntu12) 
COMPILER_PATH=/usr/lib/gcc/x86_64-linux-gnu/6/:/usr/lib/gcc/x86_64-linux-gnu/6/:/usr/lib/gcc/x86_64-linux-gnu/:/usr/lib/gcc/x86_64-linux-gnu/6/:/usr/lib/gcc/x86_64-linux-gnu/
LIBRARY_PATH=/usr/lib/gcc/x86_64-linux-gnu/6/:/usr/lib/gcc/x86_64-linux-gnu/6/../../../x86_64-linux-gnu/:/usr/lib/gcc/x86_64-linux-gnu/6/../../../../lib/:/lib/x86_64-linux-gnu/:/lib/../lib/:/usr/lib/x86_64-linux-gnu/:/usr/lib/../lib/:/usr/lib/gcc/x86_64-linux-gnu/6/../../../:/lib/:/usr/lib/
COLLECT_GCC_OPTIONS='-v' '-o' 'cmTC_d8b8b' '-rdynamic' '-mtune=generic' '-march=x86-64'
 /usr/lib/gcc/x86_64-linux-gnu/6/collect2 -plugin /usr/lib/gcc/x86_64-linux-gnu/6/liblto_plugin.so -plugin-opt=/usr/lib/gcc/x86_64-linux-gnu/6/lto-wrapper -plugin-opt=-fresolution=/tmp/ccB2rqfO.res -plugin-opt=-pass-through=-lgcc -plugin-opt=-pass-through=-lgcc_s -plugin-opt=-pass-through=-lc -plugin-opt=-pass-through=-lgcc -plugin-opt=-pass-through=-lgcc_s --sysroot=/ --build-id --eh-frame-hdr -m elf_x86_64 --hash-style=gnu --as-needed -export-dynamic -dynamic-linker /lib64/ld-linux-x86-64.so.2 -pie -z now -z relro -o cmTC_d8b8b /usr/lib/gcc/x86_64-linux-gnu/6/../../../x86_64-linux-gnu/Scrt1.o /usr/lib/gcc/x86_64-linux-gnu/6/../../../x86_64-linux-gnu/crti.o /usr/lib/gcc/x86_64-linux-gnu/6/crtbeginS.o -L/usr/lib/gcc/x86_64-linux-gnu/6 -L/usr/lib/gcc/x86_64-linux-gnu/6/../../../x86_64-linux-gnu -L/usr/lib/gcc/x86_64-linux-gnu/6/../../../../lib -L/lib/x86_64-linux-gnu -L/lib/../lib -L/usr/lib/x86_64-linux-gnu -L/usr/lib/../lib -L/usr/lib/gcc/x86_64-linux-gnu/6/../../.. CMakeFiles/cmTC_d8b8b.dir/CMakeCCompilerABI.c.o -lgcc --as-needed -lgcc_s --no-as-needed -lc -lgcc --as-needed -lgcc_s --no-as-needed /usr/lib/gcc/x86_64-linux-gnu/6/crtendS.o /usr/lib/gcc/x86_64-linux-gnu/6/../../../x86_64-linux-gnu/crtn.o
COLLECT_GCC_OPTIONS='-v' '-o' 'cmTC_d8b8b' '-rdynamic' '-mtune=generic' '-march=x86-64'
make[1]: Leaving directory '/home/kod/bbn/libssh-0.7.4/build/CMakeFiles/CMakeTmp'


Parsed C implicit link information from above output:
  link line regex: [^( *|.*[/\])(ld|([^/\]+-)?ld|collect2)[^/\]*( |$)]
  ignore line: [Change Dir: /home/kod/bbn/libssh-0.7.4/build/CMakeFiles/CMakeTmp]
  ignore line: []
  ignore line: [Run Build Command:"/usr/bin/make" "cmTC_d8b8b/fast"]
  ignore line: [/usr/bin/make -f CMakeFiles/cmTC_d8b8b.dir/build.make CMakeFiles/cmTC_d8b8b.dir/build]
  ignore line: [make[1]: Entering directory '/home/kod/bbn/libssh-0.7.4/build/CMakeFiles/CMakeTmp']
  ignore line: [Building C object CMakeFiles/cmTC_d8b8b.dir/CMakeCCompilerABI.c.o]
  ignore line: [/usr/bin/cc     -o CMakeFiles/cmTC_d8b8b.dir/CMakeCCompilerABI.c.o   -c /usr/share/cmake-3.5/Modules/CMakeCCompilerABI.c]
  ignore line: [Linking C executable cmTC_d8b8b]
  ignore line: [/usr/bin/cmake -E cmake_link_script CMakeFiles/cmTC_d8b8b.dir/link.txt --verbose=1]
  ignore line: [/usr/bin/cc      -v CMakeFiles/cmTC_d8b8b.dir/CMakeCCompilerABI.c.o  -o cmTC_d8b8b -rdynamic  ]
  ignore line: [Using built-in specs.]
  ignore line: [COLLECT_GCC=/usr/bin/cc]
  ignore line: [COLLECT_LTO_WRAPPER=/usr/lib/gcc/x86_64-linux-gnu/6/lto-wrapper]
  ignore line: [Target: x86_64-linux-gnu]
  ignore line: [Configured with: ../src/configure -v --with-pkgversion='Ubuntu 6.2.0-5ubuntu12' --with-bugurl=file:///usr/share/doc/gcc-6/README.Bugs --enable-languages=c,ada,c++,java,go,d,fortran,objc,obj-c++ --prefix=/usr --program-suffix=-6 --program-prefix=x86_64-linux-gnu- --enable-shared --enable-linker-build-id --libexecdir=/usr/lib --without-included-gettext --enable-threads=posix --libdir=/usr/lib --enable-nls --with-sysroot=/ --enable-clocale=gnu --enable-libstdcxx-debug --enable-libstdcxx-time=yes --with-default-libstdcxx-abi=new --enable-gnu-unique-object --disable-vtable-verify --enable-libmpx --enable-plugin --enable-default-pie --with-system-zlib --disable-browser-plugin --enable-java-awt=gtk --enable-gtk-cairo --with-java-home=/usr/lib/jvm/java-1.5.0-gcj-6-amd64/jre --enable-java-home --with-jvm-root-dir=/usr/lib/jvm/java-1.5.0-gcj-6-amd64 --with-jvm-jar-dir=/usr/lib/jvm-exports/java-1.5.0-gcj-6-amd64 --with-arch-directory=amd64 --with-ecj-jar=/usr/share/java/eclipse-ecj.jar --enable-objc-gc --enable-multiarch --disable-werror --with-arch-32=i686 --with-abi=m64 --with-multilib-list=m32,m64,mx32 --enable-multilib --with-tune=generic --enable-checking=release --build=x86_64-linux-gnu --host=x86_64-linux-gnu --target=x86_64-linux-gnu]
  ignore line: [Thread model: posix]
  ignore line: [gcc version 6.2.0 20161005 (Ubuntu 6.2.0-5ubuntu12) ]
  ignore line: [COMPILER_PATH=/usr/lib/gcc/x86_64-linux-gnu/6/:/usr/lib/gcc/x86_64-linux-gnu/6/:/usr/lib/gcc/x86_64-linux-gnu/:/usr/lib/gcc/x86_64-linux-gnu/6/:/usr/lib/gcc/x86_64-linux-gnu/]
  ignore line: [LIBRARY_PATH=/usr/lib/gcc/x86_64-linux-gnu/6/:/usr/lib/gcc/x86_64-linux-gnu/6/../../../x86_64-linux-gnu/:/usr/lib/gcc/x86_64-linux-gnu/6/../../../../lib/:/lib/x86_64-linux-gnu/:/lib/../lib/:/usr/lib/x86_64-linux-gnu/:/usr/lib/../lib/:/usr/lib/gcc/x86_64-linux-gnu/6/../../../:/lib/:/usr/lib/]
  ignore line: [COLLECT_GCC_OPTIONS='-v' '-o' 'cmTC_d8b8b' '-rdynamic' '-mtune=generic' '-march=x86-64']
  link line: [ /usr/lib/gcc/x86_64-linux-gnu/6/collect2 -plugin /usr/lib/gcc/x86_64-linux-gnu/6/liblto_plugin.so -plugin-opt=/usr/lib/gcc/x86_64-linux-gnu/6/lto-wrapper -plugin-opt=-fresolution=/tmp/ccB2rqfO.res -plugin-opt=-pass-through=-lgcc -plugin-opt=-pass-through=-lgcc_s -plugin-opt=-pass-through=-lc -plugin-opt=-pass-through=-lgcc -plugin-opt=-pass-through=-lgcc_s --sysroot=/ --build-id --eh-frame-hdr -m elf_x86_64 --hash-style=gnu --as-needed -export-dynamic -dynamic-linker /lib64/ld-linux-x86-64.so.2 -pie -z now -z relro -o cmTC_d8b8b /usr/lib/gcc/x86_64-linux-gnu/6/../../../x86_64-linux-gnu/Scrt1.o /usr/lib/gcc/x86_64-linux-gnu/6/../../../x86_64-linux-gnu/crti.o /usr/lib/gcc/x86_64-linux-gnu/6/crtbeginS.o -L/usr/lib/gcc/x86_64-linux-gnu/6 -L/usr/lib/gcc/x86_64-linux-gnu/6/../../../x86_64-linux-gnu -L/usr/lib/gcc/x86_64-linux-gnu/6/../../../../lib -L/lib/x86_64-linux-gnu -L/lib/../lib -L/usr/lib/x86_64-linux-gnu -L/usr/lib/../lib -L/usr/lib/gcc/x86_64-linux-gnu/6/../../.. CMakeFiles/cmTC_d8b8b.dir/CMakeCCompilerABI.c.o -lgcc --as-needed -lgcc_s --no-as-needed -lc -lgcc --as-needed -lgcc_s --no-as-needed /usr/lib/gcc/x86_64-linux-gnu/6/crtendS.o /usr/lib/gcc/x86_64-linux-gnu/6/../../../x86_64-linux-gnu/crtn.o]
    arg [/usr/lib/gcc/x86_64-linux-gnu/6/collect2] ==> ignore
    arg [-plugin] ==> ignore
    arg [/usr/lib/gcc/x86_64-linux-gnu/6/liblto_plugin.so] ==> ignore
    arg [-plugin-opt=/usr/lib/gcc/x86_64-linux-gnu/6/lto-wrapper] ==> ignore
    arg [-plugin-opt=-fresolution=/tmp/ccB2rqfO.res] ==> ignore
    arg [-plugin-opt=-pass-through=-lgcc] ==> ignore
    arg [-plugin-opt=-pass-through=-lgcc_s] ==> ignore
    arg [-plugin-opt=-pass-through=-lc] ==> ignore
    arg [-plugin-opt=-pass-through=-lgcc] ==> ignore
    arg [-plugin-opt=-pass-through=-lgcc_s] ==> ignore
    arg [--sysroot=/] ==> ignore
    arg [--build-id] ==> ignore
    arg [--eh-frame-hdr] ==> ignore
    arg [-m] ==> ignore
    arg [elf_x86_64] ==> ignore
    arg [--hash-style=gnu] ==> ignore
    arg [--as-needed] ==> ignore
    arg [-export-dynamic] ==> ignore
    arg [-dynamic-linker] ==> ignore
    arg [/lib64/ld-linux-x86-64.so.2] ==> ignore
    arg [-pie] ==> ignore
    arg [-znow] ==> ignore
    arg [-zrelro] ==> ignore
    arg [-o] ==> ignore
    arg [cmTC_d8b8b] ==> ignore
    arg [/usr/lib/gcc/x86_64-linux-gnu/6/../../../x86_64-linux-gnu/Scrt1.o] ==> ignore
    arg [/usr/lib/gcc/x86_64-linux-gnu/6/../../../x86_64-linux-gnu/crti.o] ==> ignore
    arg [/usr/lib/gcc/x86_64-linux-gnu/6/crtbeginS.o] ==> ignore
    arg [-L/usr/lib/gcc/x86_64-linux-gnu/6] ==> dir [/usr/lib/gcc/x86_64-linux-gnu/6]
    arg [-L/usr/lib/gcc/x86_64-linux-gnu/6/../../../x86_64-linux-gnu] ==> dir [/usr/lib/gcc/x86_64-linux-gnu/6/../../../x86_64-linux-gnu]
    arg [-L/usr/lib/gcc/x86_64-linux-gnu/6/../../../../lib] ==> dir [/usr/lib/gcc/x86_64-linux-gnu/6/../../../../lib]
    arg [-L/lib/x86_64-linux-gnu] ==> dir [/lib/x86_64-linux-gnu]
    arg [-L/lib/../lib] ==> dir [/lib/../lib]
    arg [-L/usr/lib/x86_64-linux-gnu] ==> dir [/usr/lib/x86_64-linux-gnu]
    arg [-L/usr/lib/../lib] ==> dir [/usr/lib/../lib]
    arg [-L/usr/lib/gcc/x86_64-linux-gnu/6/../../..] ==> dir [/usr/lib/gcc/x86_64-linux-gnu/6/../../..]
    arg [CMakeFiles/cmTC_d8b8b.dir/CMakeCCompilerABI.c.o] ==> ignore
    arg [-lgcc] ==> lib [gcc]
    arg [--as-needed] ==> ignore
    arg [-lgcc_s] ==> lib [gcc_s]
    arg [--no-as-needed] ==> ignore
    arg [-lc] ==> lib [c]
    arg [-lgcc] ==> lib [gcc]
    arg [--as-needed] ==> ignore
    arg [-lgcc_s] ==> lib [gcc_s]
    arg [--no-as-needed] ==> ignore
    arg [/usr/lib/gcc/x86_64-linux-gnu/6/crtendS.o] ==> ignore
    arg [/usr/lib/gcc/x86_64-linux-gnu/6/../../../x86_64-linux-gnu/crtn.o] ==> ignore
  remove lib [gcc]
  remove lib [gcc_s]
  remove lib [gcc]
  remove lib [gcc_s]
  collapse library dir [/usr/lib/gcc/x86_64-linux-gnu/6] ==> [/usr/lib/gcc/x86_64-linux-gnu/6]
  collapse library dir [/usr/lib/gcc/x86_64-linux-gnu/6/../../../x86_64-linux-gnu] ==> [/usr/lib/x86_64-linux-gnu]
  collapse library dir [/usr/lib/gcc/x86_64-linux-gnu/6/../../../../lib] ==> [/usr/lib]
  collapse library dir [/lib/x86_64-linux-gnu] ==> [/lib/x86_64-linux-gnu]
  collapse library dir [/lib/../lib] ==> [/lib]
  collapse library dir [/usr/lib/x86_64-linux-gnu] ==> [/usr/lib/x86_64-linux-gnu]
  collapse library dir [/usr/lib/../lib] ==> [/usr/lib]
  collapse library dir [/usr/lib/gcc/x86_64-linux-gnu/6/../../..] ==> [/usr/lib]
  implicit libs: [c]
  implicit dirs: [/usr/lib/gcc/x86_64-linux-gnu/6;/usr/lib/x86_64-linux-gnu;/usr/lib;/lib/x86_64-linux-gnu;/lib]
  implicit fwks: []




Detecting C [-std=c11] compiler features compiled with the following output:
Change Dir: /home/kod/bbn/libssh-0.7.4/build/CMakeFiles/CMakeTmp

Run Build Command:"/usr/bin/make" "cmTC_45740/fast"
/usr/bin/make -f CMakeFiles/cmTC_45740.dir/build.make CMakeFiles/cmTC_45740.dir/build
make[1]: Entering directory '/home/kod/bbn/libssh-0.7.4/build/CMakeFiles/CMakeTmp'
Building C object CMakeFiles/cmTC_45740.dir/feature_tests.c.o
/usr/bin/cc    -std=c11 -o CMakeFiles/cmTC_45740.dir/feature_tests.c.o   -c /home/kod/bbn/libssh-0.7.4/build/CMakeFiles/feature_tests.c
Linking C executable cmTC_45740
/usr/bin/cmake -E cmake_link_script CMakeFiles/cmTC_45740.dir/link.txt --verbose=1
/usr/bin/cc       CMakeFiles/cmTC_45740.dir/feature_tests.c.o  -o cmTC_45740 -rdynamic 
make[1]: Leaving directory '/home/kod/bbn/libssh-0.7.4/build/CMakeFiles/CMakeTmp'


    Feature record: C_FEATURE:1c_function_prototypes
    Feature record: C_FEATURE:1c_restrict
    Feature record: C_FEATURE:1c_static_assert
    Feature record: C_FEATURE:1c_variadic_macros


Detecting C [-std=c99] compiler features compiled with the following output:
Change Dir: /home/kod/bbn/libssh-0.7.4/build/CMakeFiles/CMakeTmp

Run Build Command:"/usr/bin/make" "cmTC_086fe/fast"
/usr/bin/make -f CMakeFiles/cmTC_086fe.dir/build.make CMakeFiles/cmTC_086fe.dir/build
make[1]: Entering directory '/home/kod/bbn/libssh-0.7.4/build/CMakeFiles/CMakeTmp'
Building C object CMakeFiles/cmTC_086fe.dir/feature_tests.c.o
/usr/bin/cc    -std=c99 -o CMakeFiles/cmTC_086fe.dir/feature_tests.c.o   -c /home/kod/bbn/libssh-0.7.4/build/CMakeFiles/feature_tests.c
Linking C executable cmTC_086fe
/usr/bin/cmake -E cmake_link_script CMakeFiles/cmTC_086fe.dir/link.txt --verbose=1
/usr/bin/cc       CMakeFiles/cmTC_086fe.dir/feature_tests.c.o  -o cmTC_086fe -rdynamic 
make[1]: Leaving directory '/home/kod/bbn/libssh-0.7.4/build/CMakeFiles/CMakeTmp'


    Feature record: C_FEATURE:1c_function_prototypes
    Feature record: C_FEATURE:1c_restrict
    Feature record: C_FEATURE:0c_static_assert
    Feature record: C_FEATURE:1c_variadic_macros


Detecting C [-std=c90] compiler features compiled with the following output:
Change Dir: /home/kod/bbn/libssh-0.7.4/build/CMakeFiles/CMakeTmp

Run Build Command:"/usr/bin/make" "cmTC_6c816/fast"
/usr/bin/make -f CMakeFiles/cmTC_6c816.dir/build.make CMakeFiles/cmTC_6c816.dir/build
make[1]: Entering directory '/home/kod/bbn/libssh-0.7.4/build/CMakeFiles/CMakeTmp'
Building C object CMakeFiles/cmTC_6c816.dir/feature_tests.c.o
/usr/bin/cc    -std=c90 -o CMakeFiles/cmTC_6c816.dir/feature_tests.c.o   -c /home/kod/bbn/libssh-0.7.4/build/CMakeFiles/feature_tests.c
Linking C executable cmTC_6c816
/usr/bin/cmake -E cmake_link_script CMakeFiles/cmTC_6c816.dir/link.txt --verbose=1
/usr/bin/cc       CMakeFiles/cmTC_6c816.dir/feature_tests.c.o  -o cmTC_6c816 -rdynamic 
make[1]: Leaving directory '/home/kod/bbn/libssh-0.7.4/build/CMakeFiles/CMakeTmp'


    Feature record: C_FEATURE:1c_function_prototypes
    Feature record: C_FEATURE:0c_restrict
    Feature record: C_FEATURE:0c_static_assert
    Feature record: C_FEATURE:0c_variadic_macros
Performing C SOURCE FILE Test WITH_FPIC succeeded with the following output:
Change Dir: /home/kod/bbn/libssh-0.7.4/build/CMakeFiles/CMakeTmp

Run Build Command:"/usr/bin/make" "cmTC_32dc8/fast"
/usr/bin/make -f CMakeFiles/cmTC_32dc8.dir/build.make CMakeFiles/cmTC_32dc8.dir/build
make[1]: Entering directory '/home/kod/bbn/libssh-0.7.4/build/CMakeFiles/CMakeTmp'
Building C object CMakeFiles/cmTC_32dc8.dir/src.c.o
/usr/bin/cc    -std=gnu99 -pedantic -pedantic-errors -Wall -Wextra -Wshadow -Wmissing-prototypes -Wdeclaration-after-statement -Wunused -Wfloat-equal -Wpointer-arith -Wwrite-strings -Wformat-security -Wmissing-format-attribute -DWITH_FPIC   -fPIC -o CMakeFiles/cmTC_32dc8.dir/src.c.o   -c /home/kod/bbn/libssh-0.7.4/build/CMakeFiles/CMakeTmp/src.c
Linking C executable cmTC_32dc8
/usr/bin/cmake -E cmake_link_script CMakeFiles/cmTC_32dc8.dir/link.txt --verbose=1
/usr/bin/cc   -std=gnu99 -pedantic -pedantic-errors -Wall -Wextra -Wshadow -Wmissing-prototypes -Wdeclaration-after-statement -Wunused -Wfloat-equal -Wpointer-arith -Wwrite-strings -Wformat-security -Wmissing-format-attribute -DWITH_FPIC    CMakeFiles/cmTC_32dc8.dir/src.c.o  -o cmTC_32dc8 -rdynamic 
make[1]: Leaving directory '/home/kod/bbn/libssh-0.7.4/build/CMakeFiles/CMakeTmp'

Source file was:
int main(void) { return 0; }
Performing C SOURCE FILE Test WITH_STACK_PROTECTOR succeeded with the following output:
Change Dir: /home/kod/bbn/libssh-0.7.4/build/CMakeFiles/CMakeTmp

Run Build Command:"/usr/bin/make" "cmTC_e485c/fast"
/usr/bin/make -f CMakeFiles/cmTC_e485c.dir/build.make CMakeFiles/cmTC_e485c.dir/build
make[1]: Entering directory '/home/kod/bbn/libssh-0.7.4/build/CMakeFiles/CMakeTmp'
Building C object CMakeFiles/cmTC_e485c.dir/src.c.o
/usr/bin/cc    -std=gnu99 -pedantic -pedantic-errors -Wall -Wextra -Wshadow -Wmissing-prototypes -Wdeclaration-after-statement -Wunused -Wfloat-equal -Wpointer-arith -Wwrite-strings -Wformat-security -Wmissing-format-attribute -fPIC -DWITH_STACK_PROTECTOR   -fstack-protector -o CMakeFiles/cmTC_e485c.dir/src.c.o   -c /home/kod/bbn/libssh-0.7.4/build/CMakeFiles/CMakeTmp/src.c
/home/kod/bbn/libssh-0.7.4/build/CMakeFiles/CMakeTmp/src.c: In function ‘main’:
/home/kod/bbn/libssh-0.7.4/build/CMakeFiles/CMakeTmp/src.c:1:27: warning: unused parameter ‘argv’ [-Wunused-parameter]
 int main(int argc, char **argv) { char buffer[256]; return buffer[argc]=0;}
                           ^~~~
Linking C executable cmTC_e485c
/usr/bin/cmake -E cmake_link_script CMakeFiles/cmTC_e485c.dir/link.txt --verbose=1
/usr/bin/cc   -std=gnu99 -pedantic -pedantic-errors -Wall -Wextra -Wshadow -Wmissing-prototypes -Wdeclaration-after-statement -Wunused -Wfloat-equal -Wpointer-arith -Wwrite-strings -Wformat-security -Wmissing-format-attribute -fPIC -DWITH_STACK_PROTECTOR    CMakeFiles/cmTC_e485c.dir/src.c.o  -o cmTC_e485c -rdynamic 
make[1]: Leaving directory '/home/kod/bbn/libssh-0.7.4/build/CMakeFiles/CMakeTmp'

Source file was:
int main(int argc, char **argv) { char buffer[256]; return buffer[argc]=0;}
Determining if the include file pthread.h exists passed with the following output:
Change Dir: /home/kod/bbn/libssh-0.7.4/build/CMakeFiles/CMakeTmp

Run Build Command:"/usr/bin/make" "cmTC_79137/fast"
/usr/bin/make -f CMakeFiles/cmTC_79137.dir/build.make CMakeFiles/cmTC_79137.dir/build
make[1]: Entering directory '/home/kod/bbn/libssh-0.7.4/build/CMakeFiles/CMakeTmp'
Building C object CMakeFiles/cmTC_79137.dir/CheckIncludeFile.c.o
/usr/bin/cc    -std=gnu99 -pedantic -pedantic-errors -Wall -Wextra -Wshadow -Wmissing-prototypes -Wdeclaration-after-statement -Wunused -Wfloat-equal -Wpointer-arith -Wwrite-strings -Wformat-security -Wmissing-format-attribute -fPIC -fstack-protector -D_LARGEFILE64_SOURCE    -o CMakeFiles/cmTC_79137.dir/CheckIncludeFile.c.o   -c /home/kod/bbn/libssh-0.7.4/build/CMakeFiles/CMakeTmp/CheckIncludeFile.c
Linking C executable cmTC_79137
/usr/bin/cmake -E cmake_link_script CMakeFiles/cmTC_79137.dir/link.txt --verbose=1
/usr/bin/cc   -std=gnu99 -pedantic -pedantic-errors -Wall -Wextra -Wshadow -Wmissing-prototypes -Wdeclaration-after-statement -Wunused -Wfloat-equal -Wpointer-arith -Wwrite-strings -Wformat-security -Wmissing-format-attribute -fPIC -fstack-protector -D_LARGEFILE64_SOURCE     CMakeFiles/cmTC_79137.dir/CheckIncludeFile.c.o  -o cmTC_79137 -rdynamic 
make[1]: Leaving directory '/home/kod/bbn/libssh-0.7.4/build/CMakeFiles/CMakeTmp'


Determining if the function pthread_create exists in the pthread passed with the following output:
Change Dir: /home/kod/bbn/libssh-0.7.4/build/CMakeFiles/CMakeTmp

Run Build Command:"/usr/bin/make" "cmTC_ee20f/fast"
/usr/bin/make -f CMakeFiles/cmTC_ee20f.dir/build.make CMakeFiles/cmTC_ee20f.dir/build
make[1]: Entering directory '/home/kod/bbn/libssh-0.7.4/build/CMakeFiles/CMakeTmp'
Building C object CMakeFiles/cmTC_ee20f.dir/CheckFunctionExists.c.o
/usr/bin/cc    -std=gnu99 -pedantic -pedantic-errors -Wall -Wextra -Wshadow -Wmissing-prototypes -Wdeclaration-after-statement -Wunused -Wfloat-equal -Wpointer-arith -Wwrite-strings -Wformat-security -Wmissing-format-attribute -fPIC -fstack-protector -D_LARGEFILE64_SOURCE -DCHECK_FUNCTION_EXISTS=pthread_create   -o CMakeFiles/cmTC_ee20f.dir/CheckFunctionExists.c.o   -c /usr/share/cmake-3.5/Modules/CheckFunctionExists.c
Linking C executable cmTC_ee20f
/usr/bin/cmake -E cmake_link_script CMakeFiles/cmTC_ee20f.dir/link.txt --verbose=1
/usr/bin/cc   -std=gnu99 -pedantic -pedantic-errors -Wall -Wextra -Wshadow -Wmissing-prototypes -Wdeclaration-after-statement -Wunused -Wfloat-equal -Wpointer-arith -Wwrite-strings -Wformat-security -Wmissing-format-attribute -fPIC -fstack-protector -D_LARGEFILE64_SOURCE -DCHECK_FUNCTION_EXISTS=pthread_create    CMakeFiles/cmTC_ee20f.dir/CheckFunctionExists.c.o  -o cmTC_ee20f -rdynamic -lpthread 
make[1]: Leaving directory '/home/kod/bbn/libssh-0.7.4/build/CMakeFiles/CMakeTmp'


Performing C SOURCE FILE Test WITH_VISIBILITY_HIDDEN succeeded with the following output:
Change Dir: /home/kod/bbn/libssh-0.7.4/build/CMakeFiles/CMakeTmp

Run Build Command:"/usr/bin/make" "cmTC_6e00b/fast"
/usr/bin/make -f CMakeFiles/cmTC_6e00b.dir/build.make CMakeFiles/cmTC_6e00b.dir/build
make[1]: Entering directory '/home/kod/bbn/libssh-0.7.4/build/CMakeFiles/CMakeTmp'
Building C object CMakeFiles/cmTC_6e00b.dir/src.c.o
/usr/bin/cc    -std=gnu99 -pedantic -pedantic-errors -Wall -Wextra -Wshadow -Wmissing-prototypes -Wdeclaration-after-statement -Wunused -Wfloat-equal -Wpointer-arith -Wwrite-strings -Wformat-security -Wmissing-format-attribute -fPIC -fstack-protector -D_LARGEFILE64_SOURCE -DWITH_VISIBILITY_HIDDEN -fvisibility=hidden   -o CMakeFiles/cmTC_6e00b.dir/src.c.o   -c /home/kod/bbn/libssh-0.7.4/build/CMakeFiles/CMakeTmp/src.c
/home/kod/bbn/libssh-0.7.4/build/CMakeFiles/CMakeTmp/src.c:1:45: warning: no previous prototype for ‘test’ [-Wmissing-prototypes]
 void __attribute__((visibility("default"))) test() {}
                                             ^~~~
Linking C executable cmTC_6e00b
/usr/bin/cmake -E cmake_link_script CMakeFiles/cmTC_6e00b.dir/link.txt --verbose=1
/usr/bin/cc   -std=gnu99 -pedantic -pedantic-errors -Wall -Wextra -Wshadow -Wmissing-prototypes -Wdeclaration-after-statement -Wunused -Wfloat-equal -Wpointer-arith -Wwrite-strings -Wformat-security -Wmissing-format-attribute -fPIC -fstack-protector -D_LARGEFILE64_SOURCE -DWITH_VISIBILITY_HIDDEN -fvisibility=hidden    CMakeFiles/cmTC_6e00b.dir/src.c.o  -o cmTC_6e00b -rdynamic 
make[1]: Leaving directory '/home/kod/bbn/libssh-0.7.4/build/CMakeFiles/CMakeTmp'

Source file was:
void __attribute__((visibility("default"))) test() {}
int main(void){ return 0; }

Determining if the include file argp.h exists passed with the following output:
Change Dir: /home/kod/bbn/libssh-0.7.4/build/CMakeFiles/CMakeTmp

Run Build Command:"/usr/bin/make" "cmTC_10ef0/fast"
/usr/bin/make -f CMakeFiles/cmTC_10ef0.dir/build.make CMakeFiles/cmTC_10ef0.dir/build
make[1]: Entering directory '/home/kod/bbn/libssh-0.7.4/build/CMakeFiles/CMakeTmp'
Building C object CMakeFiles/cmTC_10ef0.dir/CheckIncludeFile.c.o
/usr/bin/cc    -std=gnu99 -pedantic -pedantic-errors -Wall -Wextra -Wshadow -Wmissing-prototypes -Wdeclaration-after-statement -Wunused -Wfloat-equal -Wpointer-arith -Wwrite-strings -Wformat-security -Wmissing-format-attribute -fPIC -fstack-protector -D_LARGEFILE64_SOURCE    -o CMakeFiles/cmTC_10ef0.dir/CheckIncludeFile.c.o   -c /home/kod/bbn/libssh-0.7.4/build/CMakeFiles/CMakeTmp/CheckIncludeFile.c
Linking C executable cmTC_10ef0
/usr/bin/cmake -E cmake_link_script CMakeFiles/cmTC_10ef0.dir/link.txt --verbose=1
/usr/bin/cc   -std=gnu99 -pedantic -pedantic-errors -Wall -Wextra -Wshadow -Wmissing-prototypes -Wdeclaration-after-statement -Wunused -Wfloat-equal -Wpointer-arith -Wwrite-strings -Wformat-security -Wmissing-format-attribute -fPIC -fstack-protector -D_LARGEFILE64_SOURCE     CMakeFiles/cmTC_10ef0.dir/CheckIncludeFile.c.o  -o cmTC_10ef0 -rdynamic 
make[1]: Leaving directory '/home/kod/bbn/libssh-0.7.4/build/CMakeFiles/CMakeTmp'


Determining if the include file pty.h exists passed with the following output:
Change Dir: /home/kod/bbn/libssh-0.7.4/build/CMakeFiles/CMakeTmp

Run Build Command:"/usr/bin/make" "cmTC_9cc8d/fast"
/usr/bin/make -f CMakeFiles/cmTC_9cc8d.dir/build.make CMakeFiles/cmTC_9cc8d.dir/build
make[1]: Entering directory '/home/kod/bbn/libssh-0.7.4/build/CMakeFiles/CMakeTmp'
Building C object CMakeFiles/cmTC_9cc8d.dir/CheckIncludeFile.c.o
/usr/bin/cc    -std=gnu99 -pedantic -pedantic-errors -Wall -Wextra -Wshadow -Wmissing-prototypes -Wdeclaration-after-statement -Wunused -Wfloat-equal -Wpointer-arith -Wwrite-strings -Wformat-security -Wmissing-format-attribute -fPIC -fstack-protector -D_LARGEFILE64_SOURCE    -o CMakeFiles/cmTC_9cc8d.dir/CheckIncludeFile.c.o   -c /home/kod/bbn/libssh-0.7.4/build/CMakeFiles/CMakeTmp/CheckIncludeFile.c
Linking C executable cmTC_9cc8d
/usr/bin/cmake -E cmake_link_script CMakeFiles/cmTC_9cc8d.dir/link.txt --verbose=1
/usr/bin/cc   -std=gnu99 -pedantic -pedantic-errors -Wall -Wextra -Wshadow -Wmissing-prototypes -Wdeclaration-after-statement -Wunused -Wfloat-equal -Wpointer-arith -Wwrite-strings -Wformat-security -Wmissing-format-attribute -fPIC -fstack-protector -D_LARGEFILE64_SOURCE     CMakeFiles/cmTC_9cc8d.dir/CheckIncludeFile.c.o  -o cmTC_9cc8d -rdynamic 
make[1]: Leaving directory '/home/kod/bbn/libssh-0.7.4/build/CMakeFiles/CMakeTmp'


Determining if the include file utmp.h exists passed with the following output:
Change Dir: /home/kod/bbn/libssh-0.7.4/build/CMakeFiles/CMakeTmp

Run Build Command:"/usr/bin/make" "cmTC_d0d92/fast"
/usr/bin/make -f CMakeFiles/cmTC_d0d92.dir/build.make CMakeFiles/cmTC_d0d92.dir/build
make[1]: Entering directory '/home/kod/bbn/libssh-0.7.4/build/CMakeFiles/CMakeTmp'
Building C object CMakeFiles/cmTC_d0d92.dir/CheckIncludeFile.c.o
/usr/bin/cc    -std=gnu99 -pedantic -pedantic-errors -Wall -Wextra -Wshadow -Wmissing-prototypes -Wdeclaration-after-statement -Wunused -Wfloat-equal -Wpointer-arith -Wwrite-strings -Wformat-security -Wmissing-format-attribute -fPIC -fstack-protector -D_LARGEFILE64_SOURCE    -o CMakeFiles/cmTC_d0d92.dir/CheckIncludeFile.c.o   -c /home/kod/bbn/libssh-0.7.4/build/CMakeFiles/CMakeTmp/CheckIncludeFile.c
Linking C executable cmTC_d0d92
/usr/bin/cmake -E cmake_link_script CMakeFiles/cmTC_d0d92.dir/link.txt --verbose=1
/usr/bin/cc   -std=gnu99 -pedantic -pedantic-errors -Wall -Wextra -Wshadow -Wmissing-prototypes -Wdeclaration-after-statement -Wunused -Wfloat-equal -Wpointer-arith -Wwrite-strings -Wformat-security -Wmissing-format-attribute -fPIC -fstack-protector -D_LARGEFILE64_SOURCE     CMakeFiles/cmTC_d0d92.dir/CheckIncludeFile.c.o  -o cmTC_d0d92 -rdynamic 
make[1]: Leaving directory '/home/kod/bbn/libssh-0.7.4/build/CMakeFiles/CMakeTmp'


Determining if the include file termios.h exists passed with the following output:
Change Dir: /home/kod/bbn/libssh-0.7.4/build/CMakeFiles/CMakeTmp

Run Build Command:"/usr/bin/make" "cmTC_f4747/fast"
/usr/bin/make -f CMakeFiles/cmTC_f4747.dir/build.make CMakeFiles/cmTC_f4747.dir/build
make[1]: Entering directory '/home/kod/bbn/libssh-0.7.4/build/CMakeFiles/CMakeTmp'
Building C object CMakeFiles/cmTC_f4747.dir/CheckIncludeFile.c.o
/usr/bin/cc    -std=gnu99 -pedantic -pedantic-errors -Wall -Wextra -Wshadow -Wmissing-prototypes -Wdeclaration-after-statement -Wunused -Wfloat-equal -Wpointer-arith -Wwrite-strings -Wformat-security -Wmissing-format-attribute -fPIC -fstack-protector -D_LARGEFILE64_SOURCE    -o CMakeFiles/cmTC_f4747.dir/CheckIncludeFile.c.o   -c /home/kod/bbn/libssh-0.7.4/build/CMakeFiles/CMakeTmp/CheckIncludeFile.c
Linking C executable cmTC_f4747
/usr/bin/cmake -E cmake_link_script CMakeFiles/cmTC_f4747.dir/link.txt --verbose=1
/usr/bin/cc   -std=gnu99 -pedantic -pedantic-errors -Wall -Wextra -Wshadow -Wmissing-prototypes -Wdeclaration-after-statement -Wunused -Wfloat-equal -Wpointer-arith -Wwrite-strings -Wformat-security -Wmissing-format-attribute -fPIC -fstack-protector -D_LARGEFILE64_SOURCE     CMakeFiles/cmTC_f4747.dir/CheckIncludeFile.c.o  -o cmTC_f4747 -rdynamic 
make[1]: Leaving directory '/home/kod/bbn/libssh-0.7.4/build/CMakeFiles/CMakeTmp'


Determining if the include file unistd.h exists passed with the following output:
Change Dir: /home/kod/bbn/libssh-0.7.4/build/CMakeFiles/CMakeTmp

Run Build Command:"/usr/bin/make" "cmTC_f9fbf/fast"
/usr/bin/make -f CMakeFiles/cmTC_f9fbf.dir/build.make CMakeFiles/cmTC_f9fbf.dir/build
make[1]: Entering directory '/home/kod/bbn/libssh-0.7.4/build/CMakeFiles/CMakeTmp'
Building C object CMakeFiles/cmTC_f9fbf.dir/CheckIncludeFile.c.o
/usr/bin/cc    -std=gnu99 -pedantic -pedantic-errors -Wall -Wextra -Wshadow -Wmissing-prototypes -Wdeclaration-after-statement -Wunused -Wfloat-equal -Wpointer-arith -Wwrite-strings -Wformat-security -Wmissing-format-attribute -fPIC -fstack-protector -D_LARGEFILE64_SOURCE    -o CMakeFiles/cmTC_f9fbf.dir/CheckIncludeFile.c.o   -c /home/kod/bbn/libssh-0.7.4/build/CMakeFiles/CMakeTmp/CheckIncludeFile.c
Linking C executable cmTC_f9fbf
/usr/bin/cmake -E cmake_link_script CMakeFiles/cmTC_f9fbf.dir/link.txt --verbose=1
/usr/bin/cc   -std=gnu99 -pedantic -pedantic-errors -Wall -Wextra -Wshadow -Wmissing-prototypes -Wdeclaration-after-statement -Wunused -Wfloat-equal -Wpointer-arith -Wwrite-strings -Wformat-security -Wmissing-format-attribute -fPIC -fstack-protector -D_LARGEFILE64_SOURCE     CMakeFiles/cmTC_f9fbf.dir/CheckIncludeFile.c.o  -o cmTC_f9fbf -rdynamic 
make[1]: Leaving directory '/home/kod/bbn/libssh-0.7.4/build/CMakeFiles/CMakeTmp'


Determining if the include file sys/time.h exists passed with the following output:
Change Dir: /home/kod/bbn/libssh-0.7.4/build/CMakeFiles/CMakeTmp

Run Build Command:"/usr/bin/make" "cmTC_3018f/fast"
/usr/bin/make -f CMakeFiles/cmTC_3018f.dir/build.make CMakeFiles/cmTC_3018f.dir/build
make[1]: Entering directory '/home/kod/bbn/libssh-0.7.4/build/CMakeFiles/CMakeTmp'
Building C object CMakeFiles/cmTC_3018f.dir/CheckIncludeFile.c.o
/usr/bin/cc    -std=gnu99 -pedantic -pedantic-errors -Wall -Wextra -Wshadow -Wmissing-prototypes -Wdeclaration-after-statement -Wunused -Wfloat-equal -Wpointer-arith -Wwrite-strings -Wformat-security -Wmissing-format-attribute -fPIC -fstack-protector -D_LARGEFILE64_SOURCE    -o CMakeFiles/cmTC_3018f.dir/CheckIncludeFile.c.o   -c /home/kod/bbn/libssh-0.7.4/build/CMakeFiles/CMakeTmp/CheckIncludeFile.c
Linking C executable cmTC_3018f
/usr/bin/cmake -E cmake_link_script CMakeFiles/cmTC_3018f.dir/link.txt --verbose=1
/usr/bin/cc   -std=gnu99 -pedantic -pedantic-errors -Wall -Wextra -Wshadow -Wmissing-prototypes -Wdeclaration-after-statement -Wunused -Wfloat-equal -Wpointer-arith -Wwrite-strings -Wformat-security -Wmissing-format-attribute -fPIC -fstack-protector -D_LARGEFILE64_SOURCE     CMakeFiles/cmTC_3018f.dir/CheckIncludeFile.c.o  -o cmTC_3018f -rdynamic 
make[1]: Leaving directory '/home/kod/bbn/libssh-0.7.4/build/CMakeFiles/CMakeTmp'


Determining if the include file sys/param.h exists passed with the following output:
Change Dir: /home/kod/bbn/libssh-0.7.4/build/CMakeFiles/CMakeTmp

Run Build Command:"/usr/bin/make" "cmTC_1ce8e/fast"
/usr/bin/make -f CMakeFiles/cmTC_1ce8e.dir/build.make CMakeFiles/cmTC_1ce8e.dir/build
make[1]: Entering directory '/home/kod/bbn/libssh-0.7.4/build/CMakeFiles/CMakeTmp'
Building C object CMakeFiles/cmTC_1ce8e.dir/CheckIncludeFile.c.o
/usr/bin/cc    -std=gnu99 -pedantic -pedantic-errors -Wall -Wextra -Wshadow -Wmissing-prototypes -Wdeclaration-after-statement -Wunused -Wfloat-equal -Wpointer-arith -Wwrite-strings -Wformat-security -Wmissing-format-attribute -fPIC -fstack-protector -D_LARGEFILE64_SOURCE    -o CMakeFiles/cmTC_1ce8e.dir/CheckIncludeFile.c.o   -c /home/kod/bbn/libssh-0.7.4/build/CMakeFiles/CMakeTmp/CheckIncludeFile.c
Linking C executable cmTC_1ce8e
/usr/bin/cmake -E cmake_link_script CMakeFiles/cmTC_1ce8e.dir/link.txt --verbose=1
/usr/bin/cc   -std=gnu99 -pedantic -pedantic-errors -Wall -Wextra -Wshadow -Wmissing-prototypes -Wdeclaration-after-statement -Wunused -Wfloat-equal -Wpointer-arith -Wwrite-strings -Wformat-security -Wmissing-format-attribute -fPIC -fstack-protector -D_LARGEFILE64_SOURCE     CMakeFiles/cmTC_1ce8e.dir/CheckIncludeFile.c.o  -o cmTC_1ce8e -rdynamic 
make[1]: Leaving directory '/home/kod/bbn/libssh-0.7.4/build/CMakeFiles/CMakeTmp'


Determining if the include file arpa/inet.h exists passed with the following output:
Change Dir: /home/kod/bbn/libssh-0.7.4/build/CMakeFiles/CMakeTmp

Run Build Command:"/usr/bin/make" "cmTC_2448e/fast"
/usr/bin/make -f CMakeFiles/cmTC_2448e.dir/build.make CMakeFiles/cmTC_2448e.dir/build
make[1]: Entering directory '/home/kod/bbn/libssh-0.7.4/build/CMakeFiles/CMakeTmp'
Building C object CMakeFiles/cmTC_2448e.dir/CheckIncludeFile.c.o
/usr/bin/cc    -std=gnu99 -pedantic -pedantic-errors -Wall -Wextra -Wshadow -Wmissing-prototypes -Wdeclaration-after-statement -Wunused -Wfloat-equal -Wpointer-arith -Wwrite-strings -Wformat-security -Wmissing-format-attribute -fPIC -fstack-protector -D_LARGEFILE64_SOURCE    -o CMakeFiles/cmTC_2448e.dir/CheckIncludeFile.c.o   -c /home/kod/bbn/libssh-0.7.4/build/CMakeFiles/CMakeTmp/CheckIncludeFile.c
Linking C executable cmTC_2448e
/usr/bin/cmake -E cmake_link_script CMakeFiles/cmTC_2448e.dir/link.txt --verbose=1
/usr/bin/cc   -std=gnu99 -pedantic -pedantic-errors -Wall -Wextra -Wshadow -Wmissing-prototypes -Wdeclaration-after-statement -Wunused -Wfloat-equal -Wpointer-arith -Wwrite-strings -Wformat-security -Wmissing-format-attribute -fPIC -fstack-protector -D_LARGEFILE64_SOURCE     CMakeFiles/cmTC_2448e.dir/CheckIncludeFile.c.o  -o cmTC_2448e -rdynamic 
make[1]: Leaving directory '/home/kod/bbn/libssh-0.7.4/build/CMakeFiles/CMakeTmp'


Determining if the include file byteswap.h exists passed with the following output:
Change Dir: /home/kod/bbn/libssh-0.7.4/build/CMakeFiles/CMakeTmp

Run Build Command:"/usr/bin/make" "cmTC_c536d/fast"
/usr/bin/make -f CMakeFiles/cmTC_c536d.dir/build.make CMakeFiles/cmTC_c536d.dir/build
make[1]: Entering directory '/home/kod/bbn/libssh-0.7.4/build/CMakeFiles/CMakeTmp'
Building C object CMakeFiles/cmTC_c536d.dir/CheckIncludeFile.c.o
/usr/bin/cc    -std=gnu99 -pedantic -pedantic-errors -Wall -Wextra -Wshadow -Wmissing-prototypes -Wdeclaration-after-statement -Wunused -Wfloat-equal -Wpointer-arith -Wwrite-strings -Wformat-security -Wmissing-format-attribute -fPIC -fstack-protector -D_LARGEFILE64_SOURCE    -o CMakeFiles/cmTC_c536d.dir/CheckIncludeFile.c.o   -c /home/kod/bbn/libssh-0.7.4/build/CMakeFiles/CMakeTmp/CheckIncludeFile.c
Linking C executable cmTC_c536d
/usr/bin/cmake -E cmake_link_script CMakeFiles/cmTC_c536d.dir/link.txt --verbose=1
/usr/bin/cc   -std=gnu99 -pedantic -pedantic-errors -Wall -Wextra -Wshadow -Wmissing-prototypes -Wdeclaration-after-statement -Wunused -Wfloat-equal -Wpointer-arith -Wwrite-strings -Wformat-security -Wmissing-format-attribute -fPIC -fstack-protector -D_LARGEFILE64_SOURCE     CMakeFiles/cmTC_c536d.dir/CheckIncludeFile.c.o  -o cmTC_c536d -rdynamic 
make[1]: Leaving directory '/home/kod/bbn/libssh-0.7.4/build/CMakeFiles/CMakeTmp'


Determining if the include file openssl/des.h exists passed with the following output:
Change Dir: /home/kod/bbn/libssh-0.7.4/build/CMakeFiles/CMakeTmp

Run Build Command:"/usr/bin/make" "cmTC_49af0/fast"
/usr/bin/make -f CMakeFiles/cmTC_49af0.dir/build.make CMakeFiles/cmTC_49af0.dir/build
make[1]: Entering directory '/home/kod/bbn/libssh-0.7.4/build/CMakeFiles/CMakeTmp'
Building C object CMakeFiles/cmTC_49af0.dir/CheckIncludeFile.c.o
/usr/bin/cc    -std=gnu99 -pedantic -pedantic-errors -Wall -Wextra -Wshadow -Wmissing-prototypes -Wdeclaration-after-statement -Wunused -Wfloat-equal -Wpointer-arith -Wwrite-strings -Wformat-security -Wmissing-format-attribute -fPIC -fstack-protector -D_LARGEFILE64_SOURCE    -o CMakeFiles/cmTC_49af0.dir/CheckIncludeFile.c.o   -c /home/kod/bbn/libssh-0.7.4/build/CMakeFiles/CMakeTmp/CheckIncludeFile.c
Linking C executable cmTC_49af0
/usr/bin/cmake -E cmake_link_script CMakeFiles/cmTC_49af0.dir/link.txt --verbose=1
/usr/bin/cc   -std=gnu99 -pedantic -pedantic-errors -Wall -Wextra -Wshadow -Wmissing-prototypes -Wdeclaration-after-statement -Wunused -Wfloat-equal -Wpointer-arith -Wwrite-strings -Wformat-security -Wmissing-format-attribute -fPIC -fstack-protector -D_LARGEFILE64_SOURCE     CMakeFiles/cmTC_49af0.dir/CheckIncludeFile.c.o  -o cmTC_49af0 -rdynamic 
make[1]: Leaving directory '/home/kod/bbn/libssh-0.7.4/build/CMakeFiles/CMakeTmp'


Determining if the include file openssl/aes.h exists passed with the following output:
Change Dir: /home/kod/bbn/libssh-0.7.4/build/CMakeFiles/CMakeTmp

Run Build Command:"/usr/bin/make" "cmTC_731a3/fast"
/usr/bin/make -f CMakeFiles/cmTC_731a3.dir/build.make CMakeFiles/cmTC_731a3.dir/build
make[1]: Entering directory '/home/kod/bbn/libssh-0.7.4/build/CMakeFiles/CMakeTmp'
Building C object CMakeFiles/cmTC_731a3.dir/CheckIncludeFile.c.o
/usr/bin/cc    -std=gnu99 -pedantic -pedantic-errors -Wall -Wextra -Wshadow -Wmissing-prototypes -Wdeclaration-after-statement -Wunused -Wfloat-equal -Wpointer-arith -Wwrite-strings -Wformat-security -Wmissing-format-attribute -fPIC -fstack-protector -D_LARGEFILE64_SOURCE    -o CMakeFiles/cmTC_731a3.dir/CheckIncludeFile.c.o   -c /home/kod/bbn/libssh-0.7.4/build/CMakeFiles/CMakeTmp/CheckIncludeFile.c
Linking C executable cmTC_731a3
/usr/bin/cmake -E cmake_link_script CMakeFiles/cmTC_731a3.dir/link.txt --verbose=1
/usr/bin/cc   -std=gnu99 -pedantic -pedantic-errors -Wall -Wextra -Wshadow -Wmissing-prototypes -Wdeclaration-after-statement -Wunused -Wfloat-equal -Wpointer-arith -Wwrite-strings -Wformat-security -Wmissing-format-attribute -fPIC -fstack-protector -D_LARGEFILE64_SOURCE     CMakeFiles/cmTC_731a3.dir/CheckIncludeFile.c.o  -o cmTC_731a3 -rdynamic 
make[1]: Leaving directory '/home/kod/bbn/libssh-0.7.4/build/CMakeFiles/CMakeTmp'


Determining if the include file openssl/blowfish.h exists passed with the following output:
Change Dir: /home/kod/bbn/libssh-0.7.4/build/CMakeFiles/CMakeTmp

Run Build Command:"/usr/bin/make" "cmTC_837ef/fast"
/usr/bin/make -f CMakeFiles/cmTC_837ef.dir/build.make CMakeFiles/cmTC_837ef.dir/build
make[1]: Entering directory '/home/kod/bbn/libssh-0.7.4/build/CMakeFiles/CMakeTmp'
Building C object CMakeFiles/cmTC_837ef.dir/CheckIncludeFile.c.o
/usr/bin/cc    -std=gnu99 -pedantic -pedantic-errors -Wall -Wextra -Wshadow -Wmissing-prototypes -Wdeclaration-after-statement -Wunused -Wfloat-equal -Wpointer-arith -Wwrite-strings -Wformat-security -Wmissing-format-attribute -fPIC -fstack-protector -D_LARGEFILE64_SOURCE    -o CMakeFiles/cmTC_837ef.dir/CheckIncludeFile.c.o   -c /home/kod/bbn/libssh-0.7.4/build/CMakeFiles/CMakeTmp/CheckIncludeFile.c
Linking C executable cmTC_837ef
/usr/bin/cmake -E cmake_link_script CMakeFiles/cmTC_837ef.dir/link.txt --verbose=1
/usr/bin/cc   -std=gnu99 -pedantic -pedantic-errors -Wall -Wextra -Wshadow -Wmissing-prototypes -Wdeclaration-after-statement -Wunused -Wfloat-equal -Wpointer-arith -Wwrite-strings -Wformat-security -Wmissing-format-attribute -fPIC -fstack-protector -D_LARGEFILE64_SOURCE     CMakeFiles/cmTC_837ef.dir/CheckIncludeFile.c.o  -o cmTC_837ef -rdynamic 
make[1]: Leaving directory '/home/kod/bbn/libssh-0.7.4/build/CMakeFiles/CMakeTmp'


Determining if the include file openssl/ecdh.h exists passed with the following output:
Change Dir: /home/kod/bbn/libssh-0.7.4/build/CMakeFiles/CMakeTmp

Run Build Command:"/usr/bin/make" "cmTC_f4251/fast"
/usr/bin/make -f CMakeFiles/cmTC_f4251.dir/build.make CMakeFiles/cmTC_f4251.dir/build
make[1]: Entering directory '/home/kod/bbn/libssh-0.7.4/build/CMakeFiles/CMakeTmp'
Building C object CMakeFiles/cmTC_f4251.dir/CheckIncludeFile.c.o
/usr/bin/cc    -std=gnu99 -pedantic -pedantic-errors -Wall -Wextra -Wshadow -Wmissing-prototypes -Wdeclaration-after-statement -Wunused -Wfloat-equal -Wpointer-arith -Wwrite-strings -Wformat-security -Wmissing-format-attribute -fPIC -fstack-protector -D_LARGEFILE64_SOURCE    -o CMakeFiles/cmTC_f4251.dir/CheckIncludeFile.c.o   -c /home/kod/bbn/libssh-0.7.4/build/CMakeFiles/CMakeTmp/CheckIncludeFile.c
Linking C executable cmTC_f4251
/usr/bin/cmake -E cmake_link_script CMakeFiles/cmTC_f4251.dir/link.txt --verbose=1
/usr/bin/cc   -std=gnu99 -pedantic -pedantic-errors -Wall -Wextra -Wshadow -Wmissing-prototypes -Wdeclaration-after-statement -Wunused -Wfloat-equal -Wpointer-arith -Wwrite-strings -Wformat-security -Wmissing-format-attribute -fPIC -fstack-protector -D_LARGEFILE64_SOURCE     CMakeFiles/cmTC_f4251.dir/CheckIncludeFile.c.o  -o cmTC_f4251 -rdynamic 
make[1]: Leaving directory '/home/kod/bbn/libssh-0.7.4/build/CMakeFiles/CMakeTmp'


Determining if the include file openssl/ec.h exists passed with the following output:
Change Dir: /home/kod/bbn/libssh-0.7.4/build/CMakeFiles/CMakeTmp

Run Build Command:"/usr/bin/make" "cmTC_7b0ef/fast"
/usr/bin/make -f CMakeFiles/cmTC_7b0ef.dir/build.make CMakeFiles/cmTC_7b0ef.dir/build
make[1]: Entering directory '/home/kod/bbn/libssh-0.7.4/build/CMakeFiles/CMakeTmp'
Building C object CMakeFiles/cmTC_7b0ef.dir/CheckIncludeFile.c.o
/usr/bin/cc    -std=gnu99 -pedantic -pedantic-errors -Wall -Wextra -Wshadow -Wmissing-prototypes -Wdeclaration-after-statement -Wunused -Wfloat-equal -Wpointer-arith -Wwrite-strings -Wformat-security -Wmissing-format-attribute -fPIC -fstack-protector -D_LARGEFILE64_SOURCE    -o CMakeFiles/cmTC_7b0ef.dir/CheckIncludeFile.c.o   -c /home/kod/bbn/libssh-0.7.4/build/CMakeFiles/CMakeTmp/CheckIncludeFile.c
Linking C executable cmTC_7b0ef
/usr/bin/cmake -E cmake_link_script CMakeFiles/cmTC_7b0ef.dir/link.txt --verbose=1
/usr/bin/cc   -std=gnu99 -pedantic -pedantic-errors -Wall -Wextra -Wshadow -Wmissing-prototypes -Wdeclaration-after-statement -Wunused -Wfloat-equal -Wpointer-arith -Wwrite-strings -Wformat-security -Wmissing-format-attribute -fPIC -fstack-protector -D_LARGEFILE64_SOURCE     CMakeFiles/cmTC_7b0ef.dir/CheckIncludeFile.c.o  -o cmTC_7b0ef -rdynamic 
make[1]: Leaving directory '/home/kod/bbn/libssh-0.7.4/build/CMakeFiles/CMakeTmp'


Determining if the include file openssl/ecdsa.h exists passed with the following output:
Change Dir: /home/kod/bbn/libssh-0.7.4/build/CMakeFiles/CMakeTmp

Run Build Command:"/usr/bin/make" "cmTC_968a3/fast"
/usr/bin/make -f CMakeFiles/cmTC_968a3.dir/build.make CMakeFiles/cmTC_968a3.dir/build
make[1]: Entering directory '/home/kod/bbn/libssh-0.7.4/build/CMakeFiles/CMakeTmp'
Building C object CMakeFiles/cmTC_968a3.dir/CheckIncludeFile.c.o
/usr/bin/cc    -std=gnu99 -pedantic -pedantic-errors -Wall -Wextra -Wshadow -Wmissing-prototypes -Wdeclaration-after-statement -Wunused -Wfloat-equal -Wpointer-arith -Wwrite-strings -Wformat-security -Wmissing-format-attribute -fPIC -fstack-protector -D_LARGEFILE64_SOURCE    -o CMakeFiles/cmTC_968a3.dir/CheckIncludeFile.c.o   -c /home/kod/bbn/libssh-0.7.4/build/CMakeFiles/CMakeTmp/CheckIncludeFile.c
Linking C executable cmTC_968a3
/usr/bin/cmake -E cmake_link_script CMakeFiles/cmTC_968a3.dir/link.txt --verbose=1
/usr/bin/cc   -std=gnu99 -pedantic -pedantic-errors -Wall -Wextra -Wshadow -Wmissing-prototypes -Wdeclaration-after-statement -Wunused -Wfloat-equal -Wpointer-arith -Wwrite-strings -Wformat-security -Wmissing-format-attribute -fPIC -fstack-protector -D_LARGEFILE64_SOURCE     CMakeFiles/cmTC_968a3.dir/CheckIncludeFile.c.o  -o cmTC_968a3 -rdynamic 
make[1]: Leaving directory '/home/kod/bbn/libssh-0.7.4/build/CMakeFiles/CMakeTmp'


Determining if the function isblank exists passed with the following output:
Change Dir: /home/kod/bbn/libssh-0.7.4/build/CMakeFiles/CMakeTmp

Run Build Command:"/usr/bin/make" "cmTC_37413/fast"
/usr/bin/make -f CMakeFiles/cmTC_37413.dir/build.make CMakeFiles/cmTC_37413.dir/build
make[1]: Entering directory '/home/kod/bbn/libssh-0.7.4/build/CMakeFiles/CMakeTmp'
Building C object CMakeFiles/cmTC_37413.dir/CheckFunctionExists.c.o
/usr/bin/cc    -std=gnu99 -pedantic -pedantic-errors -Wall -Wextra -Wshadow -Wmissing-prototypes -Wdeclaration-after-statement -Wunused -Wfloat-equal -Wpointer-arith -Wwrite-strings -Wformat-security -Wmissing-format-attribute -fPIC -fstack-protector -D_LARGEFILE64_SOURCE -DCHECK_FUNCTION_EXISTS=isblank   -o CMakeFiles/cmTC_37413.dir/CheckFunctionExists.c.o   -c /usr/share/cmake-3.5/Modules/CheckFunctionExists.c
<command-line>:0:23: warning: conflicting types for built-in function ‘isblank’
/usr/share/cmake-3.5/Modules/CheckFunctionExists.c:6:6: note: in expansion of macro ‘CHECK_FUNCTION_EXISTS’
 char CHECK_FUNCTION_EXISTS();
      ^~~~~~~~~~~~~~~~~~~~~
Linking C executable cmTC_37413
/usr/bin/cmake -E cmake_link_script CMakeFiles/cmTC_37413.dir/link.txt --verbose=1
/usr/bin/cc   -std=gnu99 -pedantic -pedantic-errors -Wall -Wextra -Wshadow -Wmissing-prototypes -Wdeclaration-after-statement -Wunused -Wfloat-equal -Wpointer-arith -Wwrite-strings -Wformat-security -Wmissing-format-attribute -fPIC -fstack-protector -D_LARGEFILE64_SOURCE -DCHECK_FUNCTION_EXISTS=isblank    CMakeFiles/cmTC_37413.dir/CheckFunctionExists.c.o  -o cmTC_37413 -rdynamic 
make[1]: Leaving directory '/home/kod/bbn/libssh-0.7.4/build/CMakeFiles/CMakeTmp'


Determining if the function strncpy exists passed with the following output:
Change Dir: /home/kod/bbn/libssh-0.7.4/build/CMakeFiles/CMakeTmp

Run Build Command:"/usr/bin/make" "cmTC_919f2/fast"
/usr/bin/make -f CMakeFiles/cmTC_919f2.dir/build.make CMakeFiles/cmTC_919f2.dir/build
make[1]: Entering directory '/home/kod/bbn/libssh-0.7.4/build/CMakeFiles/CMakeTmp'
Building C object CMakeFiles/cmTC_919f2.dir/CheckFunctionExists.c.o
/usr/bin/cc    -std=gnu99 -pedantic -pedantic-errors -Wall -Wextra -Wshadow -Wmissing-prototypes -Wdeclaration-after-statement -Wunused -Wfloat-equal -Wpointer-arith -Wwrite-strings -Wformat-security -Wmissing-format-attribute -fPIC -fstack-protector -D_LARGEFILE64_SOURCE -DCHECK_FUNCTION_EXISTS=strncpy   -o CMakeFiles/cmTC_919f2.dir/CheckFunctionExists.c.o   -c /usr/share/cmake-3.5/Modules/CheckFunctionExists.c
<command-line>:0:23: warning: conflicting types for built-in function ‘strncpy’
/usr/share/cmake-3.5/Modules/CheckFunctionExists.c:6:6: note: in expansion of macro ‘CHECK_FUNCTION_EXISTS’
 char CHECK_FUNCTION_EXISTS();
      ^~~~~~~~~~~~~~~~~~~~~
Linking C executable cmTC_919f2
/usr/bin/cmake -E cmake_link_script CMakeFiles/cmTC_919f2.dir/link.txt --verbose=1
/usr/bin/cc   -std=gnu99 -pedantic -pedantic-errors -Wall -Wextra -Wshadow -Wmissing-prototypes -Wdeclaration-after-statement -Wunused -Wfloat-equal -Wpointer-arith -Wwrite-strings -Wformat-security -Wmissing-format-attribute -fPIC -fstack-protector -D_LARGEFILE64_SOURCE -DCHECK_FUNCTION_EXISTS=strncpy    CMakeFiles/cmTC_919f2.dir/CheckFunctionExists.c.o  -o cmTC_919f2 -rdynamic 
make[1]: Leaving directory '/home/kod/bbn/libssh-0.7.4/build/CMakeFiles/CMakeTmp'


Determining if the function strtoull exists passed with the following output:
Change Dir: /home/kod/bbn/libssh-0.7.4/build/CMakeFiles/CMakeTmp

Run Build Command:"/usr/bin/make" "cmTC_2f63b/fast"
/usr/bin/make -f CMakeFiles/cmTC_2f63b.dir/build.make CMakeFiles/cmTC_2f63b.dir/build
make[1]: Entering directory '/home/kod/bbn/libssh-0.7.4/build/CMakeFiles/CMakeTmp'
Building C object CMakeFiles/cmTC_2f63b.dir/CheckFunctionExists.c.o
/usr/bin/cc    -std=gnu99 -pedantic -pedantic-errors -Wall -Wextra -Wshadow -Wmissing-prototypes -Wdeclaration-after-statement -Wunused -Wfloat-equal -Wpointer-arith -Wwrite-strings -Wformat-security -Wmissing-format-attribute -fPIC -fstack-protector -D_LARGEFILE64_SOURCE -DCHECK_FUNCTION_EXISTS=strtoull   -o CMakeFiles/cmTC_2f63b.dir/CheckFunctionExists.c.o   -c /usr/share/cmake-3.5/Modules/CheckFunctionExists.c
Linking C executable cmTC_2f63b
/usr/bin/cmake -E cmake_link_script CMakeFiles/cmTC_2f63b.dir/link.txt --verbose=1
/usr/bin/cc   -std=gnu99 -pedantic -pedantic-errors -Wall -Wextra -Wshadow -Wmissing-prototypes -Wdeclaration-after-statement -Wunused -Wfloat-equal -Wpointer-arith -Wwrite-strings -Wformat-security -Wmissing-format-attribute -fPIC -fstack-protector -D_LARGEFILE64_SOURCE -DCHECK_FUNCTION_EXISTS=strtoull    CMakeFiles/cmTC_2f63b.dir/CheckFunctionExists.c.o  -o cmTC_2f63b -rdynamic 
make[1]: Leaving directory '/home/kod/bbn/libssh-0.7.4/build/CMakeFiles/CMakeTmp'


Determining if the function vsnprintf exists passed with the following output:
Change Dir: /home/kod/bbn/libssh-0.7.4/build/CMakeFiles/CMakeTmp

Run Build Command:"/usr/bin/make" "cmTC_5b164/fast"
/usr/bin/make -f CMakeFiles/cmTC_5b164.dir/build.make CMakeFiles/cmTC_5b164.dir/build
make[1]: Entering directory '/home/kod/bbn/libssh-0.7.4/build/CMakeFiles/CMakeTmp'
Building C object CMakeFiles/cmTC_5b164.dir/CheckFunctionExists.c.o
/usr/bin/cc    -std=gnu99 -pedantic -pedantic-errors -Wall -Wextra -Wshadow -Wmissing-prototypes -Wdeclaration-after-statement -Wunused -Wfloat-equal -Wpointer-arith -Wwrite-strings -Wformat-security -Wmissing-format-attribute -fPIC -fstack-protector -D_LARGEFILE64_SOURCE -DCHECK_FUNCTION_EXISTS=vsnprintf   -o CMakeFiles/cmTC_5b164.dir/CheckFunctionExists.c.o   -c /usr/share/cmake-3.5/Modules/CheckFunctionExists.c
<command-line>:0:23: warning: conflicting types for built-in function ‘vsnprintf’
/usr/share/cmake-3.5/Modules/CheckFunctionExists.c:6:6: note: in expansion of macro ‘CHECK_FUNCTION_EXISTS’
 char CHECK_FUNCTION_EXISTS();
      ^~~~~~~~~~~~~~~~~~~~~
Linking C executable cmTC_5b164
/usr/bin/cmake -E cmake_link_script CMakeFiles/cmTC_5b164.dir/link.txt --verbose=1
/usr/bin/cc   -std=gnu99 -pedantic -pedantic-errors -Wall -Wextra -Wshadow -Wmissing-prototypes -Wdeclaration-after-statement -Wunused -Wfloat-equal -Wpointer-arith -Wwrite-strings -Wformat-security -Wmissing-format-attribute -fPIC -fstack-protector -D_LARGEFILE64_SOURCE -DCHECK_FUNCTION_EXISTS=vsnprintf    CMakeFiles/cmTC_5b164.dir/CheckFunctionExists.c.o  -o cmTC_5b164 -rdynamic 
make[1]: Leaving directory '/home/kod/bbn/libssh-0.7.4/build/CMakeFiles/CMakeTmp'


Determining if the function snprintf exists passed with the following output:
Change Dir: /home/kod/bbn/libssh-0.7.4/build/CMakeFiles/CMakeTmp

Run Build Command:"/usr/bin/make" "cmTC_beb0a/fast"
/usr/bin/make -f CMakeFiles/cmTC_beb0a.dir/build.make CMakeFiles/cmTC_beb0a.dir/build
make[1]: Entering directory '/home/kod/bbn/libssh-0.7.4/build/CMakeFiles/CMakeTmp'
Building C object CMakeFiles/cmTC_beb0a.dir/CheckFunctionExists.c.o
/usr/bin/cc    -std=gnu99 -pedantic -pedantic-errors -Wall -Wextra -Wshadow -Wmissing-prototypes -Wdeclaration-after-statement -Wunused -Wfloat-equal -Wpointer-arith -Wwrite-strings -Wformat-security -Wmissing-format-attribute -fPIC -fstack-protector -D_LARGEFILE64_SOURCE -DCHECK_FUNCTION_EXISTS=snprintf   -o CMakeFiles/cmTC_beb0a.dir/CheckFunctionExists.c.o   -c /usr/share/cmake-3.5/Modules/CheckFunctionExists.c
<command-line>:0:23: warning: conflicting types for built-in function ‘snprintf’
/usr/share/cmake-3.5/Modules/CheckFunctionExists.c:6:6: note: in expansion of macro ‘CHECK_FUNCTION_EXISTS’
 char CHECK_FUNCTION_EXISTS();
      ^~~~~~~~~~~~~~~~~~~~~
Linking C executable cmTC_beb0a
/usr/bin/cmake -E cmake_link_script CMakeFiles/cmTC_beb0a.dir/link.txt --verbose=1
/usr/bin/cc   -std=gnu99 -pedantic -pedantic-errors -Wall -Wextra -Wshadow -Wmissing-prototypes -Wdeclaration-after-statement -Wunused -Wfloat-equal -Wpointer-arith -Wwrite-strings -Wformat-security -Wmissing-format-attribute -fPIC -fstack-protector -D_LARGEFILE64_SOURCE -DCHECK_FUNCTION_EXISTS=snprintf    CMakeFiles/cmTC_beb0a.dir/CheckFunctionExists.c.o  -o cmTC_beb0a -rdynamic 
make[1]: Leaving directory '/home/kod/bbn/libssh-0.7.4/build/CMakeFiles/CMakeTmp'


Determining if the function poll exists passed with the following output:
Change Dir: /home/kod/bbn/libssh-0.7.4/build/CMakeFiles/CMakeTmp

Run Build Command:"/usr/bin/make" "cmTC_de48b/fast"
/usr/bin/make -f CMakeFiles/cmTC_de48b.dir/build.make CMakeFiles/cmTC_de48b.dir/build
make[1]: Entering directory '/home/kod/bbn/libssh-0.7.4/build/CMakeFiles/CMakeTmp'
Building C object CMakeFiles/cmTC_de48b.dir/CheckFunctionExists.c.o
/usr/bin/cc    -std=gnu99 -pedantic -pedantic-errors -Wall -Wextra -Wshadow -Wmissing-prototypes -Wdeclaration-after-statement -Wunused -Wfloat-equal -Wpointer-arith -Wwrite-strings -Wformat-security -Wmissing-format-attribute -fPIC -fstack-protector -D_LARGEFILE64_SOURCE -DCHECK_FUNCTION_EXISTS=poll   -o CMakeFiles/cmTC_de48b.dir/CheckFunctionExists.c.o   -c /usr/share/cmake-3.5/Modules/CheckFunctionExists.c
Linking C executable cmTC_de48b
/usr/bin/cmake -E cmake_link_script CMakeFiles/cmTC_de48b.dir/link.txt --verbose=1
/usr/bin/cc   -std=gnu99 -pedantic -pedantic-errors -Wall -Wextra -Wshadow -Wmissing-prototypes -Wdeclaration-after-statement -Wunused -Wfloat-equal -Wpointer-arith -Wwrite-strings -Wformat-security -Wmissing-format-attribute -fPIC -fstack-protector -D_LARGEFILE64_SOURCE -DCHECK_FUNCTION_EXISTS=poll    CMakeFiles/cmTC_de48b.dir/CheckFunctionExists.c.o  -o cmTC_de48b -rdynamic 
make[1]: Leaving directory '/home/kod/bbn/libssh-0.7.4/build/CMakeFiles/CMakeTmp'


Determining if the function select exists passed with the following output:
Change Dir: /home/kod/bbn/libssh-0.7.4/build/CMakeFiles/CMakeTmp

Run Build Command:"/usr/bin/make" "cmTC_9d9ef/fast"
/usr/bin/make -f CMakeFiles/cmTC_9d9ef.dir/build.make CMakeFiles/cmTC_9d9ef.dir/build
make[1]: Entering directory '/home/kod/bbn/libssh-0.7.4/build/CMakeFiles/CMakeTmp'
Building C object CMakeFiles/cmTC_9d9ef.dir/CheckFunctionExists.c.o
/usr/bin/cc    -std=gnu99 -pedantic -pedantic-errors -Wall -Wextra -Wshadow -Wmissing-prototypes -Wdeclaration-after-statement -Wunused -Wfloat-equal -Wpointer-arith -Wwrite-strings -Wformat-security -Wmissing-format-attribute -fPIC -fstack-protector -D_LARGEFILE64_SOURCE -DCHECK_FUNCTION_EXISTS=select   -o CMakeFiles/cmTC_9d9ef.dir/CheckFunctionExists.c.o   -c /usr/share/cmake-3.5/Modules/CheckFunctionExists.c
Linking C executable cmTC_9d9ef
/usr/bin/cmake -E cmake_link_script CMakeFiles/cmTC_9d9ef.dir/link.txt --verbose=1
/usr/bin/cc   -std=gnu99 -pedantic -pedantic-errors -Wall -Wextra -Wshadow -Wmissing-prototypes -Wdeclaration-after-statement -Wunused -Wfloat-equal -Wpointer-arith -Wwrite-strings -Wformat-security -Wmissing-format-attribute -fPIC -fstack-protector -D_LARGEFILE64_SOURCE -DCHECK_FUNCTION_EXISTS=select    CMakeFiles/cmTC_9d9ef.dir/CheckFunctionExists.c.o  -o cmTC_9d9ef -rdynamic 
make[1]: Leaving directory '/home/kod/bbn/libssh-0.7.4/build/CMakeFiles/CMakeTmp'


Determining if the function getaddrinfo exists passed with the following output:
Change Dir: /home/kod/bbn/libssh-0.7.4/build/CMakeFiles/CMakeTmp

Run Build Command:"/usr/bin/make" "cmTC_cef36/fast"
/usr/bin/make -f CMakeFiles/cmTC_cef36.dir/build.make CMakeFiles/cmTC_cef36.dir/build
make[1]: Entering directory '/home/kod/bbn/libssh-0.7.4/build/CMakeFiles/CMakeTmp'
Building C object CMakeFiles/cmTC_cef36.dir/CheckFunctionExists.c.o
/usr/bin/cc    -std=gnu99 -pedantic -pedantic-errors -Wall -Wextra -Wshadow -Wmissing-prototypes -Wdeclaration-after-statement -Wunused -Wfloat-equal -Wpointer-arith -Wwrite-strings -Wformat-security -Wmissing-format-attribute -fPIC -fstack-protector -D_LARGEFILE64_SOURCE -DCHECK_FUNCTION_EXISTS=getaddrinfo   -o CMakeFiles/cmTC_cef36.dir/CheckFunctionExists.c.o   -c /usr/share/cmake-3.5/Modules/CheckFunctionExists.c
Linking C executable cmTC_cef36
/usr/bin/cmake -E cmake_link_script CMakeFiles/cmTC_cef36.dir/link.txt --verbose=1
/usr/bin/cc   -std=gnu99 -pedantic -pedantic-errors -Wall -Wextra -Wshadow -Wmissing-prototypes -Wdeclaration-after-statement -Wunused -Wfloat-equal -Wpointer-arith -Wwrite-strings -Wformat-security -Wmissing-format-attribute -fPIC -fstack-protector -D_LARGEFILE64_SOURCE -DCHECK_FUNCTION_EXISTS=getaddrinfo    CMakeFiles/cmTC_cef36.dir/CheckFunctionExists.c.o  -o cmTC_cef36 -rdynamic 
make[1]: Leaving directory '/home/kod/bbn/libssh-0.7.4/build/CMakeFiles/CMakeTmp'


Determining if the function clock_gettime exists in the rt passed with the following output:
Change Dir: /home/kod/bbn/libssh-0.7.4/build/CMakeFiles/CMakeTmp

Run Build Command:"/usr/bin/make" "cmTC_7c65d/fast"
/usr/bin/make -f CMakeFiles/cmTC_7c65d.dir/build.make CMakeFiles/cmTC_7c65d.dir/build
make[1]: Entering directory '/home/kod/bbn/libssh-0.7.4/build/CMakeFiles/CMakeTmp'
Building C object CMakeFiles/cmTC_7c65d.dir/CheckFunctionExists.c.o
/usr/bin/cc    -std=gnu99 -pedantic -pedantic-errors -Wall -Wextra -Wshadow -Wmissing-prototypes -Wdeclaration-after-statement -Wunused -Wfloat-equal -Wpointer-arith -Wwrite-strings -Wformat-security -Wmissing-format-attribute -fPIC -fstack-protector -D_LARGEFILE64_SOURCE -DCHECK_FUNCTION_EXISTS=clock_gettime   -o CMakeFiles/cmTC_7c65d.dir/CheckFunctionExists.c.o   -c /usr/share/cmake-3.5/Modules/CheckFunctionExists.c
Linking C executable cmTC_7c65d
/usr/bin/cmake -E cmake_link_script CMakeFiles/cmTC_7c65d.dir/link.txt --verbose=1
/usr/bin/cc   -std=gnu99 -pedantic -pedantic-errors -Wall -Wextra -Wshadow -Wmissing-prototypes -Wdeclaration-after-statement -Wunused -Wfloat-equal -Wpointer-arith -Wwrite-strings -Wformat-security -Wmissing-format-attribute -fPIC -fstack-protector -D_LARGEFILE64_SOURCE -DCHECK_FUNCTION_EXISTS=clock_gettime    CMakeFiles/cmTC_7c65d.dir/CheckFunctionExists.c.o  -o cmTC_7c65d -rdynamic -lrt 
make[1]: Leaving directory '/home/kod/bbn/libssh-0.7.4/build/CMakeFiles/CMakeTmp'


Determining if the function forkpty exists in the util passed with the following output:
Change Dir: /home/kod/bbn/libssh-0.7.4/build/CMakeFiles/CMakeTmp

Run Build Command:"/usr/bin/make" "cmTC_18cde/fast"
/usr/bin/make -f CMakeFiles/cmTC_18cde.dir/build.make CMakeFiles/cmTC_18cde.dir/build
make[1]: Entering directory '/home/kod/bbn/libssh-0.7.4/build/CMakeFiles/CMakeTmp'
Building C object CMakeFiles/cmTC_18cde.dir/CheckFunctionExists.c.o
/usr/bin/cc    -std=gnu99 -pedantic -pedantic-errors -Wall -Wextra -Wshadow -Wmissing-prototypes -Wdeclaration-after-statement -Wunused -Wfloat-equal -Wpointer-arith -Wwrite-strings -Wformat-security -Wmissing-format-attribute -fPIC -fstack-protector -D_LARGEFILE64_SOURCE -DCHECK_FUNCTION_EXISTS=forkpty   -o CMakeFiles/cmTC_18cde.dir/CheckFunctionExists.c.o   -c /usr/share/cmake-3.5/Modules/CheckFunctionExists.c
Linking C executable cmTC_18cde
/usr/bin/cmake -E cmake_link_script CMakeFiles/cmTC_18cde.dir/link.txt --verbose=1
/usr/bin/cc   -std=gnu99 -pedantic -pedantic-errors -Wall -Wextra -Wshadow -Wmissing-prototypes -Wdeclaration-after-statement -Wunused -Wfloat-equal -Wpointer-arith -Wwrite-strings -Wformat-security -Wmissing-format-attribute -fPIC -fstack-protector -D_LARGEFILE64_SOURCE -DCHECK_FUNCTION_EXISTS=forkpty    CMakeFiles/cmTC_18cde.dir/CheckFunctionExists.c.o  -o cmTC_18cde -rdynamic -lutil -lrt 
make[1]: Leaving directory '/home/kod/bbn/libssh-0.7.4/build/CMakeFiles/CMakeTmp'


Determining if the function cfmakeraw exists passed with the following output:
Change Dir: /home/kod/bbn/libssh-0.7.4/build/CMakeFiles/CMakeTmp

Run Build Command:"/usr/bin/make" "cmTC_76564/fast"
/usr/bin/make -f CMakeFiles/cmTC_76564.dir/build.make CMakeFiles/cmTC_76564.dir/build
make[1]: Entering directory '/home/kod/bbn/libssh-0.7.4/build/CMakeFiles/CMakeTmp'
Building C object CMakeFiles/cmTC_76564.dir/CheckFunctionExists.c.o
/usr/bin/cc    -std=gnu99 -pedantic -pedantic-errors -Wall -Wextra -Wshadow -Wmissing-prototypes -Wdeclaration-after-statement -Wunused -Wfloat-equal -Wpointer-arith -Wwrite-strings -Wformat-security -Wmissing-format-attribute -fPIC -fstack-protector -D_LARGEFILE64_SOURCE -DCHECK_FUNCTION_EXISTS=cfmakeraw   -o CMakeFiles/cmTC_76564.dir/CheckFunctionExists.c.o   -c /usr/share/cmake-3.5/Modules/CheckFunctionExists.c
Linking C executable cmTC_76564
/usr/bin/cmake -E cmake_link_script CMakeFiles/cmTC_76564.dir/link.txt --verbose=1
/usr/bin/cc   -std=gnu99 -pedantic -pedantic-errors -Wall -Wextra -Wshadow -Wmissing-prototypes -Wdeclaration-after-statement -Wunused -Wfloat-equal -Wpointer-arith -Wwrite-strings -Wformat-security -Wmissing-format-attribute -fPIC -fstack-protector -D_LARGEFILE64_SOURCE -DCHECK_FUNCTION_EXISTS=cfmakeraw    CMakeFiles/cmTC_76564.dir/CheckFunctionExists.c.o  -o cmTC_76564 -rdynamic -lrt 
make[1]: Leaving directory '/home/kod/bbn/libssh-0.7.4/build/CMakeFiles/CMakeTmp'


Performing C SOURCE FILE Test HAVE_GCC_THREAD_LOCAL_STORAGE succeeded with the following output:
Change Dir: /home/kod/bbn/libssh-0.7.4/build/CMakeFiles/CMakeTmp

Run Build Command:"/usr/bin/make" "cmTC_ba19f/fast"
/usr/bin/make -f CMakeFiles/cmTC_ba19f.dir/build.make CMakeFiles/cmTC_ba19f.dir/build
make[1]: Entering directory '/home/kod/bbn/libssh-0.7.4/build/CMakeFiles/CMakeTmp'
Building C object CMakeFiles/cmTC_ba19f.dir/src.c.o
/usr/bin/cc    -std=gnu99 -pedantic -pedantic-errors -Wall -Wextra -Wshadow -Wmissing-prototypes -Wdeclaration-after-statement -Wunused -Wfloat-equal -Wpointer-arith -Wwrite-strings -Wformat-security -Wmissing-format-attribute -fPIC -fstack-protector -D_LARGEFILE64_SOURCE -DHAVE_GCC_THREAD_LOCAL_STORAGE   -o CMakeFiles/cmTC_ba19f.dir/src.c.o   -c /home/kod/bbn/libssh-0.7.4/build/CMakeFiles/CMakeTmp/src.c
Linking C executable cmTC_ba19f
/usr/bin/cmake -E cmake_link_script CMakeFiles/cmTC_ba19f.dir/link.txt --verbose=1
/usr/bin/cc   -std=gnu99 -pedantic -pedantic-errors -Wall -Wextra -Wshadow -Wmissing-prototypes -Wdeclaration-after-statement -Wunused -Wfloat-equal -Wpointer-arith -Wwrite-strings -Wformat-security -Wmissing-format-attribute -fPIC -fstack-protector -D_LARGEFILE64_SOURCE -DHAVE_GCC_THREAD_LOCAL_STORAGE    CMakeFiles/cmTC_ba19f.dir/src.c.o  -o cmTC_ba19f -rdynamic -lrt 
make[1]: Leaving directory '/home/kod/bbn/libssh-0.7.4/build/CMakeFiles/CMakeTmp'

Source file was:

__thread int tls;

int main(void) {
    return 0;
}
Performing C SOURCE FILE Test HAVE_GCC_VOLATILE_MEMORY_PROTECTION succeeded with the following output:
Change Dir: /home/kod/bbn/libssh-0.7.4/build/CMakeFiles/CMakeTmp

Run Build Command:"/usr/bin/make" "cmTC_aca80/fast"
/usr/bin/make -f CMakeFiles/cmTC_aca80.dir/build.make CMakeFiles/cmTC_aca80.dir/build
make[1]: Entering directory '/home/kod/bbn/libssh-0.7.4/build/CMakeFiles/CMakeTmp'
Building C object CMakeFiles/cmTC_aca80.dir/src.c.o
/usr/bin/cc    -std=gnu99 -pedantic -pedantic-errors -Wall -Wextra -Wshadow -Wmissing-prototypes -Wdeclaration-after-statement -Wunused -Wfloat-equal -Wpointer-arith -Wwrite-strings -Wformat-security -Wmissing-format-attribute -fPIC -fstack-protector -D_LARGEFILE64_SOURCE -DHAVE_GCC_VOLATILE_MEMORY_PROTECTION   -o CMakeFiles/cmTC_aca80.dir/src.c.o   -c /home/kod/bbn/libssh-0.7.4/build/CMakeFiles/CMakeTmp/src.c
Linking C executable cmTC_aca80
/usr/bin/cmake -E cmake_link_script CMakeFiles/cmTC_aca80.dir/link.txt --verbose=1
/usr/bin/cc   -std=gnu99 -pedantic -pedantic-errors -Wall -Wextra -Wshadow -Wmissing-prototypes -Wdeclaration-after-statement -Wunused -Wfloat-equal -Wpointer-arith -Wwrite-strings -Wformat-security -Wmissing-format-attribute -fPIC -fstack-protector -D_LARGEFILE64_SOURCE -DHAVE_GCC_VOLATILE_MEMORY_PROTECTION    CMakeFiles/cmTC_aca80.dir/src.c.o  -o cmTC_aca80 -rdynamic -lrt 
make[1]: Leaving directory '/home/kod/bbn/libssh-0.7.4/build/CMakeFiles/CMakeTmp'

Source file was:

#include <string.h>

int main(void)
{
    char buf[] = "This is some content";

    memset(buf, '\0', sizeof(buf)); __asm__ volatile("" : : "r"(&buf) : "memory");

    return 0;
}
Performing C SOURCE FILE Test HAVE_GCC_NARG_MACRO succeeded with the following output:
Change Dir: /home/kod/bbn/libssh-0.7.4/build/CMakeFiles/CMakeTmp

Run Build Command:"/usr/bin/make" "cmTC_57acd/fast"
/usr/bin/make -f CMakeFiles/cmTC_57acd.dir/build.make CMakeFiles/cmTC_57acd.dir/build
make[1]: Entering directory '/home/kod/bbn/libssh-0.7.4/build/CMakeFiles/CMakeTmp'
Building C object CMakeFiles/cmTC_57acd.dir/src.c.o
/usr/bin/cc    -std=gnu99 -pedantic -pedantic-errors -Wall -Wextra -Wshadow -Wmissing-prototypes -Wdeclaration-after-statement -Wunused -Wfloat-equal -Wpointer-arith -Wwrite-strings -Wformat-security -Wmissing-format-attribute -fPIC -fstack-protector -D_LARGEFILE64_SOURCE -DHAVE_GCC_NARG_MACRO   -o CMakeFiles/cmTC_57acd.dir/src.c.o   -c /home/kod/bbn/libssh-0.7.4/build/CMakeFiles/CMakeTmp/src.c
Linking C executable cmTC_57acd
/usr/bin/cmake -E cmake_link_script CMakeFiles/cmTC_57acd.dir/link.txt --verbose=1
/usr/bin/cc   -std=gnu99 -pedantic -pedantic-errors -Wall -Wextra -Wshadow -Wmissing-prototypes -Wdeclaration-after-statement -Wunused -Wfloat-equal -Wpointer-arith -Wwrite-strings -Wformat-security -Wmissing-format-attribute -fPIC -fstack-protector -D_LARGEFILE64_SOURCE -DHAVE_GCC_NARG_MACRO    CMakeFiles/cmTC_57acd.dir/src.c.o  -o cmTC_57acd -rdynamic -lrt 
make[1]: Leaving directory '/home/kod/bbn/libssh-0.7.4/build/CMakeFiles/CMakeTmp'

Source file was:

#include <stdio.h>
#define __VA_NARG__(...) (__VA_NARG_(_0, ## __VA_ARGS__, __RSEQ_N()) - 1)
#define __VA_NARG_(...) __VA_ARG_N(__VA_ARGS__)
#define __VA_ARG_N( _1, _2, _3, _4, _5, _6, _7, _8, _9,_10,N,...) N
#define __RSEQ_N() 10, 9,  8,  7,  6,  5,  4,  3,  2,  1,  0
#define myprintf(format, ...) printf((format), __VA_NARG__(__VA_ARGS__), __VA_ARGS__)
int main(void) {
    myprintf("%d %d %d %d",1,2,3);
    return 0;
}
Performing C SOURCE FILE Test HAVE_COMPILER__FUNC__ succeeded with the following output:
Change Dir: /home/kod/bbn/libssh-0.7.4/build/CMakeFiles/CMakeTmp

Run Build Command:"/usr/bin/make" "cmTC_8be52/fast"
/usr/bin/make -f CMakeFiles/cmTC_8be52.dir/build.make CMakeFiles/cmTC_8be52.dir/build
make[1]: Entering directory '/home/kod/bbn/libssh-0.7.4/build/CMakeFiles/CMakeTmp'
Building C object CMakeFiles/cmTC_8be52.dir/src.c.o
/usr/bin/cc    -std=gnu99 -pedantic -pedantic-errors -Wall -Wextra -Wshadow -Wmissing-prototypes -Wdeclaration-after-statement -Wunused -Wfloat-equal -Wpointer-arith -Wwrite-strings -Wformat-security -Wmissing-format-attribute -fPIC -fstack-protector -D_LARGEFILE64_SOURCE -DHAVE_COMPILER__FUNC__   -o CMakeFiles/cmTC_8be52.dir/src.c.o   -c /home/kod/bbn/libssh-0.7.4/build/CMakeFiles/CMakeTmp/src.c
Linking C executable cmTC_8be52
/usr/bin/cmake -E cmake_link_script CMakeFiles/cmTC_8be52.dir/link.txt --verbose=1
/usr/bin/cc   -std=gnu99 -pedantic -pedantic-errors -Wall -Wextra -Wshadow -Wmissing-prototypes -Wdeclaration-after-statement -Wunused -Wfloat-equal -Wpointer-arith -Wwrite-strings -Wformat-security -Wmissing-format-attribute -fPIC -fstack-protector -D_LARGEFILE64_SOURCE -DHAVE_COMPILER__FUNC__    CMakeFiles/cmTC_8be52.dir/src.c.o  -o cmTC_8be52 -rdynamic -lrt 
make[1]: Leaving directory '/home/kod/bbn/libssh-0.7.4/build/CMakeFiles/CMakeTmp'

Source file was:

#include <stdio.h>
int main(void) {
    printf("%s", __func__);
    return 0;
}
Determining if the include file sys/types.h exists passed with the following output:
Change Dir: /home/kod/bbn/libssh-0.7.4/build/CMakeFiles/CMakeTmp

Run Build Command:"/usr/bin/make" "cmTC_3d20f/fast"
/usr/bin/make -f CMakeFiles/cmTC_3d20f.dir/build.make CMakeFiles/cmTC_3d20f.dir/build
make[1]: Entering directory '/home/kod/bbn/libssh-0.7.4/build/CMakeFiles/CMakeTmp'
Building C object CMakeFiles/cmTC_3d20f.dir/CheckIncludeFile.c.o
/usr/bin/cc    -std=gnu99 -pedantic -pedantic-errors -Wall -Wextra -Wshadow -Wmissing-prototypes -Wdeclaration-after-statement -Wunused -Wfloat-equal -Wpointer-arith -Wwrite-strings -Wformat-security -Wmissing-format-attribute -fPIC -fstack-protector -D_LARGEFILE64_SOURCE    -o CMakeFiles/cmTC_3d20f.dir/CheckIncludeFile.c.o   -c /home/kod/bbn/libssh-0.7.4/build/CMakeFiles/CMakeTmp/CheckIncludeFile.c
Linking C executable cmTC_3d20f
/usr/bin/cmake -E cmake_link_script CMakeFiles/cmTC_3d20f.dir/link.txt --verbose=1
/usr/bin/cc   -std=gnu99 -pedantic -pedantic-errors -Wall -Wextra -Wshadow -Wmissing-prototypes -Wdeclaration-after-statement -Wunused -Wfloat-equal -Wpointer-arith -Wwrite-strings -Wformat-security -Wmissing-format-attribute -fPIC -fstack-protector -D_LARGEFILE64_SOURCE     CMakeFiles/cmTC_3d20f.dir/CheckIncludeFile.c.o  -o cmTC_3d20f -rdynamic 
make[1]: Leaving directory '/home/kod/bbn/libssh-0.7.4/build/CMakeFiles/CMakeTmp'


Determining if the include file stdint.h exists passed with the following output:
Change Dir: /home/kod/bbn/libssh-0.7.4/build/CMakeFiles/CMakeTmp

Run Build Command:"/usr/bin/make" "cmTC_c8bff/fast"
/usr/bin/make -f CMakeFiles/cmTC_c8bff.dir/build.make CMakeFiles/cmTC_c8bff.dir/build
make[1]: Entering directory '/home/kod/bbn/libssh-0.7.4/build/CMakeFiles/CMakeTmp'
Building C object CMakeFiles/cmTC_c8bff.dir/CheckIncludeFile.c.o
/usr/bin/cc    -std=gnu99 -pedantic -pedantic-errors -Wall -Wextra -Wshadow -Wmissing-prototypes -Wdeclaration-after-statement -Wunused -Wfloat-equal -Wpointer-arith -Wwrite-strings -Wformat-security -Wmissing-format-attribute -fPIC -fstack-protector -D_LARGEFILE64_SOURCE    -o CMakeFiles/cmTC_c8bff.dir/CheckIncludeFile.c.o   -c /home/kod/bbn/libssh-0.7.4/build/CMakeFiles/CMakeTmp/CheckIncludeFile.c
Linking C executable cmTC_c8bff
/usr/bin/cmake -E cmake_link_script CMakeFiles/cmTC_c8bff.dir/link.txt --verbose=1
/usr/bin/cc   -std=gnu99 -pedantic -pedantic-errors -Wall -Wextra -Wshadow -Wmissing-prototypes -Wdeclaration-after-statement -Wunused -Wfloat-equal -Wpointer-arith -Wwrite-strings -Wformat-security -Wmissing-format-attribute -fPIC -fstack-protector -D_LARGEFILE64_SOURCE     CMakeFiles/cmTC_c8bff.dir/CheckIncludeFile.c.o  -o cmTC_c8bff -rdynamic 
make[1]: Leaving directory '/home/kod/bbn/libssh-0.7.4/build/CMakeFiles/CMakeTmp'


Determining if the include file stddef.h exists passed with the following output:
Change Dir: /home/kod/bbn/libssh-0.7.4/build/CMakeFiles/CMakeTmp

Run Build Command:"/usr/bin/make" "cmTC_50838/fast"
/usr/bin/make -f CMakeFiles/cmTC_50838.dir/build.make CMakeFiles/cmTC_50838.dir/build
make[1]: Entering directory '/home/kod/bbn/libssh-0.7.4/build/CMakeFiles/CMakeTmp'
Building C object CMakeFiles/cmTC_50838.dir/CheckIncludeFile.c.o
/usr/bin/cc    -std=gnu99 -pedantic -pedantic-errors -Wall -Wextra -Wshadow -Wmissing-prototypes -Wdeclaration-after-statement -Wunused -Wfloat-equal -Wpointer-arith -Wwrite-strings -Wformat-security -Wmissing-format-attribute -fPIC -fstack-protector -D_LARGEFILE64_SOURCE    -o CMakeFiles/cmTC_50838.dir/CheckIncludeFile.c.o   -c /home/kod/bbn/libssh-0.7.4/build/CMakeFiles/CMakeTmp/CheckIncludeFile.c
Linking C executable cmTC_50838
/usr/bin/cmake -E cmake_link_script CMakeFiles/cmTC_50838.dir/link.txt --verbose=1
/usr/bin/cc   -std=gnu99 -pedantic -pedantic-errors -Wall -Wextra -Wshadow -Wmissing-prototypes -Wdeclaration-after-statement -Wunused -Wfloat-equal -Wpointer-arith -Wwrite-strings -Wformat-security -Wmissing-format-attribute -fPIC -fstack-protector -D_LARGEFILE64_SOURCE     CMakeFiles/cmTC_50838.dir/CheckIncludeFile.c.o  -o cmTC_50838 -rdynamic 
make[1]: Leaving directory '/home/kod/bbn/libssh-0.7.4/build/CMakeFiles/CMakeTmp'


Determining size of unsigned short passed with the following output:
Change Dir: /home/kod/bbn/libssh-0.7.4/build/CMakeFiles/CMakeTmp

Run Build Command:"/usr/bin/make" "cmTC_c19e1/fast"
/usr/bin/make -f CMakeFiles/cmTC_c19e1.dir/build.make CMakeFiles/cmTC_c19e1.dir/build
make[1]: Entering directory '/home/kod/bbn/libssh-0.7.4/build/CMakeFiles/CMakeTmp'
Building C object CMakeFiles/cmTC_c19e1.dir/CMAKE_SIZEOF_UNSIGNED_SHORT.c.o
/usr/bin/cc    -std=gnu99 -pedantic -pedantic-errors -Wall -Wextra -Wshadow -Wmissing-prototypes -Wdeclaration-after-statement -Wunused -Wfloat-equal -Wpointer-arith -Wwrite-strings -Wformat-security -Wmissing-format-attribute -fPIC -fstack-protector -D_LARGEFILE64_SOURCE    -o CMakeFiles/cmTC_c19e1.dir/CMAKE_SIZEOF_UNSIGNED_SHORT.c.o   -c /home/kod/bbn/libssh-0.7.4/build/CMakeFiles/CheckTypeSize/CMAKE_SIZEOF_UNSIGNED_SHORT.c
Linking C executable cmTC_c19e1
/usr/bin/cmake -E cmake_link_script CMakeFiles/cmTC_c19e1.dir/link.txt --verbose=1
/usr/bin/cc   -std=gnu99 -pedantic -pedantic-errors -Wall -Wextra -Wshadow -Wmissing-prototypes -Wdeclaration-after-statement -Wunused -Wfloat-equal -Wpointer-arith -Wwrite-strings -Wformat-security -Wmissing-format-attribute -fPIC -fstack-protector -D_LARGEFILE64_SOURCE     CMakeFiles/cmTC_c19e1.dir/CMAKE_SIZEOF_UNSIGNED_SHORT.c.o  -o cmTC_c19e1 -rdynamic -lrt 
make[1]: Leaving directory '/home/kod/bbn/libssh-0.7.4/build/CMakeFiles/CMakeTmp'


Compiling the CXX compiler identification source file "CMakeCXXCompilerId.cpp" succeeded.
Compiler: /usr/bin/c++ 
Build flags: 
Id flags: 

The output was:
0


Compilation of the CXX compiler identification source "CMakeCXXCompilerId.cpp" produced "a.out"

The CXX compiler identification is GNU, found in "/home/kod/bbn/libssh-0.7.4/build/CMakeFiles/3.5.2/CompilerIdCXX/a.out"

Determining if the CXX compiler works passed with the following output:
Change Dir: /home/kod/bbn/libssh-0.7.4/build/CMakeFiles/CMakeTmp

Run Build Command:"/usr/bin/make" "cmTC_47f0e/fast"
/usr/bin/make -f CMakeFiles/cmTC_47f0e.dir/build.make CMakeFiles/cmTC_47f0e.dir/build
make[1]: Entering directory '/home/kod/bbn/libssh-0.7.4/build/CMakeFiles/CMakeTmp'
Building CXX object CMakeFiles/cmTC_47f0e.dir/testCXXCompiler.cxx.o
/usr/bin/c++      -o CMakeFiles/cmTC_47f0e.dir/testCXXCompiler.cxx.o -c /home/kod/bbn/libssh-0.7.4/build/CMakeFiles/CMakeTmp/testCXXCompiler.cxx
Linking CXX executable cmTC_47f0e
/usr/bin/cmake -E cmake_link_script CMakeFiles/cmTC_47f0e.dir/link.txt --verbose=1
/usr/bin/c++        CMakeFiles/cmTC_47f0e.dir/testCXXCompiler.cxx.o  -o cmTC_47f0e -rdynamic 
make[1]: Leaving directory '/home/kod/bbn/libssh-0.7.4/build/CMakeFiles/CMakeTmp'


Detecting CXX compiler ABI info compiled with the following output:
Change Dir: /home/kod/bbn/libssh-0.7.4/build/CMakeFiles/CMakeTmp

Run Build Command:"/usr/bin/make" "cmTC_3c48c/fast"
/usr/bin/make -f CMakeFiles/cmTC_3c48c.dir/build.make CMakeFiles/cmTC_3c48c.dir/build
make[1]: Entering directory '/home/kod/bbn/libssh-0.7.4/build/CMakeFiles/CMakeTmp'
Building CXX object CMakeFiles/cmTC_3c48c.dir/CMakeCXXCompilerABI.cpp.o
/usr/bin/c++      -o CMakeFiles/cmTC_3c48c.dir/CMakeCXXCompilerABI.cpp.o -c /usr/share/cmake-3.5/Modules/CMakeCXXCompilerABI.cpp
Linking CXX executable cmTC_3c48c
/usr/bin/cmake -E cmake_link_script CMakeFiles/cmTC_3c48c.dir/link.txt --verbose=1
/usr/bin/c++       -v CMakeFiles/cmTC_3c48c.dir/CMakeCXXCompilerABI.cpp.o  -o cmTC_3c48c -rdynamic  
Using built-in specs.
COLLECT_GCC=/usr/bin/c++
COLLECT_LTO_WRAPPER=/usr/lib/gcc/x86_64-linux-gnu/6/lto-wrapper
Target: x86_64-linux-gnu
Configured with: ../src/configure -v --with-pkgversion='Ubuntu 6.2.0-5ubuntu12' --with-bugurl=file:///usr/share/doc/gcc-6/README.Bugs --enable-languages=c,ada,c++,java,go,d,fortran,objc,obj-c++ --prefix=/usr --program-suffix=-6 --program-prefix=x86_64-linux-gnu- --enable-shared --enable-linker-build-id --libexecdir=/usr/lib --without-included-gettext --enable-threads=posix --libdir=/usr/lib --enable-nls --with-sysroot=/ --enable-clocale=gnu --enable-libstdcxx-debug --enable-libstdcxx-time=yes --with-default-libstdcxx-abi=new --enable-gnu-unique-object --disable-vtable-verify --enable-libmpx --enable-plugin --enable-default-pie --with-system-zlib --disable-browser-plugin --enable-java-awt=gtk --enable-gtk-cairo --with-java-home=/usr/lib/jvm/java-1.5.0-gcj-6-amd64/jre --enable-java-home --with-jvm-root-dir=/usr/lib/jvm/java-1.5.0-gcj-6-amd64 --with-jvm-jar-dir=/usr/lib/jvm-exports/java-1.5.0-gcj-6-amd64 --with-arch-directory=amd64 --with-ecj-jar=/usr/share/java/eclipse-ecj.jar --enable-objc-gc --enable-multiarch --disable-werror --with-arch-32=i686 --with-abi=m64 --with-multilib-list=m32,m64,mx32 --enable-multilib --with-tune=generic --enable-checking=release --build=x86_64-linux-gnu --host=x86_64-linux-gnu --target=x86_64-linux-gnu
Thread model: posix
gcc version 6.2.0 20161005 (Ubuntu 6.2.0-5ubuntu12) 
COMPILER_PATH=/usr/lib/gcc/x86_64-linux-gnu/6/:/usr/lib/gcc/x86_64-linux-gnu/6/:/usr/lib/gcc/x86_64-linux-gnu/:/usr/lib/gcc/x86_64-linux-gnu/6/:/usr/lib/gcc/x86_64-linux-gnu/
LIBRARY_PATH=/usr/lib/gcc/x86_64-linux-gnu/6/:/usr/lib/gcc/x86_64-linux-gnu/6/../../../x86_64-linux-gnu/:/usr/lib/gcc/x86_64-linux-gnu/6/../../../../lib/:/lib/x86_64-linux-gnu/:/lib/../lib/:/usr/lib/x86_64-linux-gnu/:/usr/lib/../lib/:/usr/lib/gcc/x86_64-linux-gnu/6/../../../:/lib/:/usr/lib/
COLLECT_GCC_OPTIONS='-v' '-o' 'cmTC_3c48c' '-rdynamic' '-shared-libgcc' '-mtune=generic' '-march=x86-64'
 /usr/lib/gcc/x86_64-linux-gnu/6/collect2 -plugin /usr/lib/gcc/x86_64-linux-gnu/6/liblto_plugin.so -plugin-opt=/usr/lib/gcc/x86_64-linux-gnu/6/lto-wrapper -plugin-opt=-fresolution=/tmp/ccu5BF91.res -plugin-opt=-pass-through=-lgcc_s -plugin-opt=-pass-through=-lgcc -plugin-opt=-pass-through=-lc -plugin-opt=-pass-through=-lgcc_s -plugin-opt=-pass-through=-lgcc --sysroot=/ --build-id --eh-frame-hdr -m elf_x86_64 --hash-style=gnu --as-needed -export-dynamic -dynamic-linker /lib64/ld-linux-x86-64.so.2 -pie -z now -z relro -o cmTC_3c48c /usr/lib/gcc/x86_64-linux-gnu/6/../../../x86_64-linux-gnu/Scrt1.o /usr/lib/gcc/x86_64-linux-gnu/6/../../../x86_64-linux-gnu/crti.o /usr/lib/gcc/x86_64-linux-gnu/6/crtbeginS.o -L/usr/lib/gcc/x86_64-linux-gnu/6 -L/usr/lib/gcc/x86_64-linux-gnu/6/../../../x86_64-linux-gnu -L/usr/lib/gcc/x86_64-linux-gnu/6/../../../../lib -L/lib/x86_64-linux-gnu -L/lib/../lib -L/usr/lib/x86_64-linux-gnu -L/usr/lib/../lib -L/usr/lib/gcc/x86_64-linux-gnu/6/../../.. CMakeFiles/cmTC_3c48c.dir/CMakeCXXCompilerABI.cpp.o -lstdc++ -lm -lgcc_s -lgcc -lc -lgcc_s -lgcc /usr/lib/gcc/x86_64-linux-gnu/6/crtendS.o /usr/lib/gcc/x86_64-linux-gnu/6/../../../x86_64-linux-gnu/crtn.o
COLLECT_GCC_OPTIONS='-v' '-o' 'cmTC_3c48c' '-rdynamic' '-shared-libgcc' '-mtune=generic' '-march=x86-64'
make[1]: Leaving directory '/home/kod/bbn/libssh-0.7.4/build/CMakeFiles/CMakeTmp'


Parsed CXX implicit link information from above output:
  link line regex: [^( *|.*[/\])(ld|([^/\]+-)?ld|collect2)[^/\]*( |$)]
  ignore line: [Change Dir: /home/kod/bbn/libssh-0.7.4/build/CMakeFiles/CMakeTmp]
  ignore line: []
  ignore line: [Run Build Command:"/usr/bin/make" "cmTC_3c48c/fast"]
  ignore line: [/usr/bin/make -f CMakeFiles/cmTC_3c48c.dir/build.make CMakeFiles/cmTC_3c48c.dir/build]
  ignore line: [make[1]: Entering directory '/home/kod/bbn/libssh-0.7.4/build/CMakeFiles/CMakeTmp']
  ignore line: [Building CXX object CMakeFiles/cmTC_3c48c.dir/CMakeCXXCompilerABI.cpp.o]
  ignore line: [/usr/bin/c++      -o CMakeFiles/cmTC_3c48c.dir/CMakeCXXCompilerABI.cpp.o -c /usr/share/cmake-3.5/Modules/CMakeCXXCompilerABI.cpp]
  ignore line: [Linking CXX executable cmTC_3c48c]
  ignore line: [/usr/bin/cmake -E cmake_link_script CMakeFiles/cmTC_3c48c.dir/link.txt --verbose=1]
  ignore line: [/usr/bin/c++       -v CMakeFiles/cmTC_3c48c.dir/CMakeCXXCompilerABI.cpp.o  -o cmTC_3c48c -rdynamic  ]
  ignore line: [Using built-in specs.]
  ignore line: [COLLECT_GCC=/usr/bin/c++]
  ignore line: [COLLECT_LTO_WRAPPER=/usr/lib/gcc/x86_64-linux-gnu/6/lto-wrapper]
  ignore line: [Target: x86_64-linux-gnu]
  ignore line: [Configured with: ../src/configure -v --with-pkgversion='Ubuntu 6.2.0-5ubuntu12' --with-bugurl=file:///usr/share/doc/gcc-6/README.Bugs --enable-languages=c,ada,c++,java,go,d,fortran,objc,obj-c++ --prefix=/usr --program-suffix=-6 --program-prefix=x86_64-linux-gnu- --enable-shared --enable-linker-build-id --libexecdir=/usr/lib --without-included-gettext --enable-threads=posix --libdir=/usr/lib --enable-nls --with-sysroot=/ --enable-clocale=gnu --enable-libstdcxx-debug --enable-libstdcxx-time=yes --with-default-libstdcxx-abi=new --enable-gnu-unique-object --disable-vtable-verify --enable-libmpx --enable-plugin --enable-default-pie --with-system-zlib --disable-browser-plugin --enable-java-awt=gtk --enable-gtk-cairo --with-java-home=/usr/lib/jvm/java-1.5.0-gcj-6-amd64/jre --enable-java-home --with-jvm-root-dir=/usr/lib/jvm/java-1.5.0-gcj-6-amd64 --with-jvm-jar-dir=/usr/lib/jvm-exports/java-1.5.0-gcj-6-amd64 --with-arch-directory=amd64 --with-ecj-jar=/usr/share/java/eclipse-ecj.jar --enable-objc-gc --enable-multiarch --disable-werror --with-arch-32=i686 --with-abi=m64 --with-multilib-list=m32,m64,mx32 --enable-multilib --with-tune=generic --enable-checking=release --build=x86_64-linux-gnu --host=x86_64-linux-gnu --target=x86_64-linux-gnu]
  ignore line: [Thread model: posix]
  ignore line: [gcc version 6.2.0 20161005 (Ubuntu 6.2.0-5ubuntu12) ]
  ignore line: [COMPILER_PATH=/usr/lib/gcc/x86_64-linux-gnu/6/:/usr/lib/gcc/x86_64-linux-gnu/6/:/usr/lib/gcc/x86_64-linux-gnu/:/usr/lib/gcc/x86_64-linux-gnu/6/:/usr/lib/gcc/x86_64-linux-gnu/]
  ignore line: [LIBRARY_PATH=/usr/lib/gcc/x86_64-linux-gnu/6/:/usr/lib/gcc/x86_64-linux-gnu/6/../../../x86_64-linux-gnu/:/usr/lib/gcc/x86_64-linux-gnu/6/../../../../lib/:/lib/x86_64-linux-gnu/:/lib/../lib/:/usr/lib/x86_64-linux-gnu/:/usr/lib/../lib/:/usr/lib/gcc/x86_64-linux-gnu/6/../../../:/lib/:/usr/lib/]
  ignore line: [COLLECT_GCC_OPTIONS='-v' '-o' 'cmTC_3c48c' '-rdynamic' '-shared-libgcc' '-mtune=generic' '-march=x86-64']
  link line: [ /usr/lib/gcc/x86_64-linux-gnu/6/collect2 -plugin /usr/lib/gcc/x86_64-linux-gnu/6/liblto_plugin.so -plugin-opt=/usr/lib/gcc/x86_64-linux-gnu/6/lto-wrapper -plugin-opt=-fresolution=/tmp/ccu5BF91.res -plugin-opt=-pass-through=-lgcc_s -plugin-opt=-pass-through=-lgcc -plugin-opt=-pass-through=-lc -plugin-opt=-pass-through=-lgcc_s -plugin-opt=-pass-through=-lgcc --sysroot=/ --build-id --eh-frame-hdr -m elf_x86_64 --hash-style=gnu --as-needed -export-dynamic -dynamic-linker /lib64/ld-linux-x86-64.so.2 -pie -z now -z relro -o cmTC_3c48c /usr/lib/gcc/x86_64-linux-gnu/6/../../../x86_64-linux-gnu/Scrt1.o /usr/lib/gcc/x86_64-linux-gnu/6/../../../x86_64-linux-gnu/crti.o /usr/lib/gcc/x86_64-linux-gnu/6/crtbeginS.o -L/usr/lib/gcc/x86_64-linux-gnu/6 -L/usr/lib/gcc/x86_64-linux-gnu/6/../../../x86_64-linux-gnu -L/usr/lib/gcc/x86_64-linux-gnu/6/../../../../lib -L/lib/x86_64-linux-gnu -L/lib/../lib -L/usr/lib/x86_64-linux-gnu -L/usr/lib/../lib -L/usr/lib/gcc/x86_64-linux-gnu/6/../../.. CMakeFiles/cmTC_3c48c.dir/CMakeCXXCompilerABI.cpp.o -lstdc++ -lm -lgcc_s -lgcc -lc -lgcc_s -lgcc /usr/lib/gcc/x86_64-linux-gnu/6/crtendS.o /usr/lib/gcc/x86_64-linux-gnu/6/../../../x86_64-linux-gnu/crtn.o]
    arg [/usr/lib/gcc/x86_64-linux-gnu/6/collect2] ==> ignore
    arg [-plugin] ==> ignore
    arg [/usr/lib/gcc/x86_64-linux-gnu/6/liblto_plugin.so] ==> ignore
    arg [-plugin-opt=/usr/lib/gcc/x86_64-linux-gnu/6/lto-wrapper] ==> ignore
    arg [-plugin-opt=-fresolution=/tmp/ccu5BF91.res] ==> ignore
    arg [-plugin-opt=-pass-through=-lgcc_s] ==> ignore
    arg [-plugin-opt=-pass-through=-lgcc] ==> ignore
    arg [-plugin-opt=-pass-through=-lc] ==> ignore
    arg [-plugin-opt=-pass-through=-lgcc_s] ==> ignore
    arg [-plugin-opt=-pass-through=-lgcc] ==> ignore
    arg [--sysroot=/] ==> ignore
    arg [--build-id] ==> ignore
    arg [--eh-frame-hdr] ==> ignore
    arg [-m] ==> ignore
    arg [elf_x86_64] ==> ignore
    arg [--hash-style=gnu] ==> ignore
    arg [--as-needed] ==> ignore
    arg [-export-dynamic] ==> ignore
    arg [-dynamic-linker] ==> ignore
    arg [/lib64/ld-linux-x86-64.so.2] ==> ignore
    arg [-pie] ==> ignore
    arg [-znow] ==> ignore
    arg [-zrelro] ==> ignore
    arg [-o] ==> ignore
    arg [cmTC_3c48c] ==> ignore
    arg [/usr/lib/gcc/x86_64-linux-gnu/6/../../../x86_64-linux-gnu/Scrt1.o] ==> ignore
    arg [/usr/lib/gcc/x86_64-linux-gnu/6/../../../x86_64-linux-gnu/crti.o] ==> ignore
    arg [/usr/lib/gcc/x86_64-linux-gnu/6/crtbeginS.o] ==> ignore
    arg [-L/usr/lib/gcc/x86_64-linux-gnu/6] ==> dir [/usr/lib/gcc/x86_64-linux-gnu/6]
    arg [-L/usr/lib/gcc/x86_64-linux-gnu/6/../../../x86_64-linux-gnu] ==> dir [/usr/lib/gcc/x86_64-linux-gnu/6/../../../x86_64-linux-gnu]
    arg [-L/usr/lib/gcc/x86_64-linux-gnu/6/../../../../lib] ==> dir [/usr/lib/gcc/x86_64-linux-gnu/6/../../../../lib]
    arg [-L/lib/x86_64-linux-gnu] ==> dir [/lib/x86_64-linux-gnu]
    arg [-L/lib/../lib] ==> dir [/lib/../lib]
    arg [-L/usr/lib/x86_64-linux-gnu] ==> dir [/usr/lib/x86_64-linux-gnu]
    arg [-L/usr/lib/../lib] ==> dir [/usr/lib/../lib]
    arg [-L/usr/lib/gcc/x86_64-linux-gnu/6/../../..] ==> dir [/usr/lib/gcc/x86_64-linux-gnu/6/../../..]
    arg [CMakeFiles/cmTC_3c48c.dir/CMakeCXXCompilerABI.cpp.o] ==> ignore
    arg [-lstdc++] ==> lib [stdc++]
    arg [-lm] ==> lib [m]
    arg [-lgcc_s] ==> lib [gcc_s]
    arg [-lgcc] ==> lib [gcc]
    arg [-lc] ==> lib [c]
    arg [-lgcc_s] ==> lib [gcc_s]
    arg [-lgcc] ==> lib [gcc]
    arg [/usr/lib/gcc/x86_64-linux-gnu/6/crtendS.o] ==> ignore
    arg [/usr/lib/gcc/x86_64-linux-gnu/6/../../../x86_64-linux-gnu/crtn.o] ==> ignore
  remove lib [gcc_s]
  remove lib [gcc]
  remove lib [gcc_s]
  remove lib [gcc]
  collapse library dir [/usr/lib/gcc/x86_64-linux-gnu/6] ==> [/usr/lib/gcc/x86_64-linux-gnu/6]
  collapse library dir [/usr/lib/gcc/x86_64-linux-gnu/6/../../../x86_64-linux-gnu] ==> [/usr/lib/x86_64-linux-gnu]
  collapse library dir [/usr/lib/gcc/x86_64-linux-gnu/6/../../../../lib] ==> [/usr/lib]
  collapse library dir [/lib/x86_64-linux-gnu] ==> [/lib/x86_64-linux-gnu]
  collapse library dir [/lib/../lib] ==> [/lib]
  collapse library dir [/usr/lib/x86_64-linux-gnu] ==> [/usr/lib/x86_64-linux-gnu]
  collapse library dir [/usr/lib/../lib] ==> [/usr/lib]
  collapse library dir [/usr/lib/gcc/x86_64-linux-gnu/6/../../..] ==> [/usr/lib]
  implicit libs: [stdc++;m;c]
  implicit dirs: [/usr/lib/gcc/x86_64-linux-gnu/6;/usr/lib/x86_64-linux-gnu;/usr/lib;/lib/x86_64-linux-gnu;/lib]
  implicit fwks: []




Detecting CXX [-std=c++14] compiler features compiled with the following output:
Change Dir: /home/kod/bbn/libssh-0.7.4/build/CMakeFiles/CMakeTmp

Run Build Command:"/usr/bin/make" "cmTC_deaa0/fast"
/usr/bin/make -f CMakeFiles/cmTC_deaa0.dir/build.make CMakeFiles/cmTC_deaa0.dir/build
make[1]: Entering directory '/home/kod/bbn/libssh-0.7.4/build/CMakeFiles/CMakeTmp'
Building CXX object CMakeFiles/cmTC_deaa0.dir/feature_tests.cxx.o
/usr/bin/c++     -std=c++14 -o CMakeFiles/cmTC_deaa0.dir/feature_tests.cxx.o -c /home/kod/bbn/libssh-0.7.4/build/CMakeFiles/feature_tests.cxx
Linking CXX executable cmTC_deaa0
/usr/bin/cmake -E cmake_link_script CMakeFiles/cmTC_deaa0.dir/link.txt --verbose=1
/usr/bin/c++        CMakeFiles/cmTC_deaa0.dir/feature_tests.cxx.o  -o cmTC_deaa0 -rdynamic 
make[1]: Leaving directory '/home/kod/bbn/libssh-0.7.4/build/CMakeFiles/CMakeTmp'


    Feature record: CXX_FEATURE:1cxx_aggregate_default_initializers
    Feature record: CXX_FEATURE:1cxx_alias_templates
    Feature record: CXX_FEATURE:1cxx_alignas
    Feature record: CXX_FEATURE:1cxx_alignof
    Feature record: CXX_FEATURE:1cxx_attributes
    Feature record: CXX_FEATURE:1cxx_attribute_deprecated
    Feature record: CXX_FEATURE:1cxx_auto_type
    Feature record: CXX_FEATURE:1cxx_binary_literals
    Feature record: CXX_FEATURE:1cxx_constexpr
    Feature record: CXX_FEATURE:1cxx_contextual_conversions
    Feature record: CXX_FEATURE:1cxx_decltype
    Feature record: CXX_FEATURE:1cxx_decltype_auto
    Feature record: CXX_FEATURE:1cxx_decltype_incomplete_return_types
    Feature record: CXX_FEATURE:1cxx_default_function_template_args
    Feature record: CXX_FEATURE:1cxx_defaulted_functions
    Feature record: CXX_FEATURE:1cxx_defaulted_move_initializers
    Feature record: CXX_FEATURE:1cxx_delegating_constructors
    Feature record: CXX_FEATURE:1cxx_deleted_functions
    Feature record: CXX_FEATURE:1cxx_digit_separators
    Feature record: CXX_FEATURE:1cxx_enum_forward_declarations
    Feature record: CXX_FEATURE:1cxx_explicit_conversions
    Feature record: CXX_FEATURE:1cxx_extended_friend_declarations
    Feature record: CXX_FEATURE:1cxx_extern_templates
    Feature record: CXX_FEATURE:1cxx_final
    Feature record: CXX_FEATURE:1cxx_func_identifier
    Feature record: CXX_FEATURE:1cxx_generalized_initializers
    Feature record: CXX_FEATURE:1cxx_generic_lambdas
    Feature record: CXX_FEATURE:1cxx_inheriting_constructors
    Feature record: CXX_FEATURE:1cxx_inline_namespaces
    Feature record: CXX_FEATURE:1cxx_lambdas
    Feature record: CXX_FEATURE:1cxx_lambda_init_captures
    Feature record: CXX_FEATURE:1cxx_local_type_template_args
    Feature record: CXX_FEATURE:1cxx_long_long_type
    Feature record: CXX_FEATURE:1cxx_noexcept
    Feature record: CXX_FEATURE:1cxx_nonstatic_member_init
    Feature record: CXX_FEATURE:1cxx_nullptr
    Feature record: CXX_FEATURE:1cxx_override
    Feature record: CXX_FEATURE:1cxx_range_for
    Feature record: CXX_FEATURE:1cxx_raw_string_literals
    Feature record: CXX_FEATURE:1cxx_reference_qualified_functions
    Feature record: CXX_FEATURE:1cxx_relaxed_constexpr
    Feature record: CXX_FEATURE:1cxx_return_type_deduction
    Feature record: CXX_FEATURE:1cxx_right_angle_brackets
    Feature record: CXX_FEATURE:1cxx_rvalue_references
    Feature record: CXX_FEATURE:1cxx_sizeof_member
    Feature record: CXX_FEATURE:1cxx_static_assert
    Feature record: CXX_FEATURE:1cxx_strong_enums
    Feature record: CXX_FEATURE:1cxx_template_template_parameters
    Feature record: CXX_FEATURE:1cxx_thread_local
    Feature record: CXX_FEATURE:1cxx_trailing_return_types
    Feature record: CXX_FEATURE:1cxx_unicode_literals
    Feature record: CXX_FEATURE:1cxx_uniform_initialization
    Feature record: CXX_FEATURE:1cxx_unrestricted_unions
    Feature record: CXX_FEATURE:1cxx_user_literals
    Feature record: CXX_FEATURE:1cxx_variable_templates
    Feature record: CXX_FEATURE:1cxx_variadic_macros
    Feature record: CXX_FEATURE:1cxx_variadic_templates


Detecting CXX [-std=c++11] compiler features compiled with the following output:
Change Dir: /home/kod/bbn/libssh-0.7.4/build/CMakeFiles/CMakeTmp

Run Build Command:"/usr/bin/make" "cmTC_6ba0f/fast"
/usr/bin/make -f CMakeFiles/cmTC_6ba0f.dir/build.make CMakeFiles/cmTC_6ba0f.dir/build
make[1]: Entering directory '/home/kod/bbn/libssh-0.7.4/build/CMakeFiles/CMakeTmp'
Building CXX object CMakeFiles/cmTC_6ba0f.dir/feature_tests.cxx.o
/usr/bin/c++     -std=c++11 -o CMakeFiles/cmTC_6ba0f.dir/feature_tests.cxx.o -c /home/kod/bbn/libssh-0.7.4/build/CMakeFiles/feature_tests.cxx
Linking CXX executable cmTC_6ba0f
/usr/bin/cmake -E cmake_link_script CMakeFiles/cmTC_6ba0f.dir/link.txt --verbose=1
/usr/bin/c++        CMakeFiles/cmTC_6ba0f.dir/feature_tests.cxx.o  -o cmTC_6ba0f -rdynamic 
make[1]: Leaving directory '/home/kod/bbn/libssh-0.7.4/build/CMakeFiles/CMakeTmp'


    Feature record: CXX_FEATURE:0cxx_aggregate_default_initializers
    Feature record: CXX_FEATURE:1cxx_alias_templates
    Feature record: CXX_FEATURE:1cxx_alignas
    Feature record: CXX_FEATURE:1cxx_alignof
    Feature record: CXX_FEATURE:1cxx_attributes
    Feature record: CXX_FEATURE:0cxx_attribute_deprecated
    Feature record: CXX_FEATURE:1cxx_auto_type
    Feature record: CXX_FEATURE:0cxx_binary_literals
    Feature record: CXX_FEATURE:1cxx_constexpr
    Feature record: CXX_FEATURE:0cxx_contextual_conversions
    Feature record: CXX_FEATURE:1cxx_decltype
    Feature record: CXX_FEATURE:0cxx_decltype_auto
    Feature record: CXX_FEATURE:1cxx_decltype_incomplete_return_types
    Feature record: CXX_FEATURE:1cxx_default_function_template_args
    Feature record: CXX_FEATURE:1cxx_defaulted_functions
    Feature record: CXX_FEATURE:1cxx_defaulted_move_initializers
    Feature record: CXX_FEATURE:1cxx_delegating_constructors
    Feature record: CXX_FEATURE:1cxx_deleted_functions
    Feature record: CXX_FEATURE:0cxx_digit_separators
    Feature record: CXX_FEATURE:1cxx_enum_forward_declarations
    Feature record: CXX_FEATURE:1cxx_explicit_conversions
    Feature record: CXX_FEATURE:1cxx_extended_friend_declarations
    Feature record: CXX_FEATURE:1cxx_extern_templates
    Feature record: CXX_FEATURE:1cxx_final
    Feature record: CXX_FEATURE:1cxx_func_identifier
    Feature record: CXX_FEATURE:1cxx_generalized_initializers
    Feature record: CXX_FEATURE:0cxx_generic_lambdas
    Feature record: CXX_FEATURE:1cxx_inheriting_constructors
    Feature record: CXX_FEATURE:1cxx_inline_namespaces
    Feature record: CXX_FEATURE:1cxx_lambdas
    Feature record: CXX_FEATURE:0cxx_lambda_init_captures
    Feature record: CXX_FEATURE:1cxx_local_type_template_args
    Feature record: CXX_FEATURE:1cxx_long_long_type
    Feature record: CXX_FEATURE:1cxx_noexcept
    Feature record: CXX_FEATURE:1cxx_nonstatic_member_init
    Feature record: CXX_FEATURE:1cxx_nullptr
    Feature record: CXX_FEATURE:1cxx_override
    Feature record: CXX_FEATURE:1cxx_range_for
    Feature record: CXX_FEATURE:1cxx_raw_string_literals
    Feature record: CXX_FEATURE:1cxx_reference_qualified_functions
    Feature record: CXX_FEATURE:0cxx_relaxed_constexpr
    Feature record: CXX_FEATURE:0cxx_return_type_deduction
    Feature record: CXX_FEATURE:1cxx_right_angle_brackets
    Feature record: CXX_FEATURE:1cxx_rvalue_references
    Feature record: CXX_FEATURE:1cxx_sizeof_member
    Feature record: CXX_FEATURE:1cxx_static_assert
    Feature record: CXX_FEATURE:1cxx_strong_enums
    Feature record: CXX_FEATURE:1cxx_template_template_parameters
    Feature record: CXX_FEATURE:1cxx_thread_local
    Feature record: CXX_FEATURE:1cxx_trailing_return_types
    Feature record: CXX_FEATURE:1cxx_unicode_literals
    Feature record: CXX_FEATURE:1cxx_uniform_initialization
    Feature record: CXX_FEATURE:1cxx_unrestricted_unions
    Feature record: CXX_FEATURE:1cxx_user_literals
    Feature record: CXX_FEATURE:0cxx_variable_templates
    Feature record: CXX_FEATURE:1cxx_variadic_macros
    Feature record: CXX_FEATURE:1cxx_variadic_templates


Detecting CXX [-std=c++98] compiler features compiled with the following output:
Change Dir: /home/kod/bbn/libssh-0.7.4/build/CMakeFiles/CMakeTmp

Run Build Command:"/usr/bin/make" "cmTC_68423/fast"
/usr/bin/make -f CMakeFiles/cmTC_68423.dir/build.make CMakeFiles/cmTC_68423.dir/build
make[1]: Entering directory '/home/kod/bbn/libssh-0.7.4/build/CMakeFiles/CMakeTmp'
Building CXX object CMakeFiles/cmTC_68423.dir/feature_tests.cxx.o
/usr/bin/c++     -std=c++98 -o CMakeFiles/cmTC_68423.dir/feature_tests.cxx.o -c /home/kod/bbn/libssh-0.7.4/build/CMakeFiles/feature_tests.cxx
Linking CXX executable cmTC_68423
/usr/bin/cmake -E cmake_link_script CMakeFiles/cmTC_68423.dir/link.txt --verbose=1
/usr/bin/c++        CMakeFiles/cmTC_68423.dir/feature_tests.cxx.o  -o cmTC_68423 -rdynamic 
make[1]: Leaving directory '/home/kod/bbn/libssh-0.7.4/build/CMakeFiles/CMakeTmp'


    Feature record: CXX_FEATURE:0cxx_aggregate_default_initializers
    Feature record: CXX_FEATURE:0cxx_alias_templates
    Feature record: CXX_FEATURE:0cxx_alignas
    Feature record: CXX_FEATURE:0cxx_alignof
    Feature record: CXX_FEATURE:0cxx_attributes
    Feature record: CXX_FEATURE:0cxx_attribute_deprecated
    Feature record: CXX_FEATURE:0cxx_auto_type
    Feature record: CXX_FEATURE:0cxx_binary_literals
    Feature record: CXX_FEATURE:0cxx_constexpr
    Feature record: CXX_FEATURE:0cxx_contextual_conversions
    Feature record: CXX_FEATURE:0cxx_decltype
    Feature record: CXX_FEATURE:0cxx_decltype_auto
    Feature record: CXX_FEATURE:0cxx_decltype_incomplete_return_types
    Feature record: CXX_FEATURE:0cxx_default_function_template_args
    Feature record: CXX_FEATURE:0cxx_defaulted_functions
    Feature record: CXX_FEATURE:0cxx_defaulted_move_initializers
    Feature record: CXX_FEATURE:0cxx_delegating_constructors
    Feature record: CXX_FEATURE:0cxx_deleted_functions
    Feature record: CXX_FEATURE:0cxx_digit_separators
    Feature record: CXX_FEATURE:0cxx_enum_forward_declarations
    Feature record: CXX_FEATURE:0cxx_explicit_conversions
    Feature record: CXX_FEATURE:0cxx_extended_friend_declarations
    Feature record: CXX_FEATURE:0cxx_extern_templates
    Feature record: CXX_FEATURE:0cxx_final
    Feature record: CXX_FEATURE:0cxx_func_identifier
    Feature record: CXX_FEATURE:0cxx_generalized_initializers
    Feature record: CXX_FEATURE:0cxx_generic_lambdas
    Feature record: CXX_FEATURE:0cxx_inheriting_constructors
    Feature record: CXX_FEATURE:0cxx_inline_namespaces
    Feature record: CXX_FEATURE:0cxx_lambdas
    Feature record: CXX_FEATURE:0cxx_lambda_init_captures
    Feature record: CXX_FEATURE:0cxx_local_type_template_args
    Feature record: CXX_FEATURE:0cxx_long_long_type
    Feature record: CXX_FEATURE:0cxx_noexcept
    Feature record: CXX_FEATURE:0cxx_nonstatic_member_init
    Feature record: CXX_FEATURE:0cxx_nullptr
    Feature record: CXX_FEATURE:0cxx_override
    Feature record: CXX_FEATURE:0cxx_range_for
    Feature record: CXX_FEATURE:0cxx_raw_string_literals
    Feature record: CXX_FEATURE:0cxx_reference_qualified_functions
    Feature record: CXX_FEATURE:0cxx_relaxed_constexpr
    Feature record: CXX_FEATURE:0cxx_return_type_deduction
    Feature record: CXX_FEATURE:0cxx_right_angle_brackets
    Feature record: CXX_FEATURE:0cxx_rvalue_references
    Feature record: CXX_FEATURE:0cxx_sizeof_member
    Feature record: CXX_FEATURE:0cxx_static_assert
    Feature record: CXX_FEATURE:0cxx_strong_enums
    Feature record: CXX_FEATURE:1cxx_template_template_parameters
    Feature record: CXX_FEATURE:0cxx_thread_local
    Feature record: CXX_FEATURE:0cxx_trailing_return_types
    Feature record: CXX_FEATURE:0cxx_unicode_literals
    Feature record: CXX_FEATURE:0cxx_uniform_initialization
    Feature record: CXX_FEATURE:0cxx_unrestricted_unions
    Feature record: CXX_FEATURE:0cxx_user_literals
    Feature record: CXX_FEATURE:0cxx_variable_templates
    Feature record: CXX_FEATURE:0cxx_variadic_macros
    Feature record: CXX_FEATURE:0cxx_variadic_templates
